2018-06-24 21:16:02.989 [main] INFO  com.wy.integration.ZxcApplication - Starting ZxcApplication on DESKTOP-MEILE45 with PID 7924 (E:\git-clone\AdminFunction\target\classes started by 97645 in E:\git-clone\AdminFunction)
2018-06-24 21:16:02.991 [main] INFO  com.wy.integration.ZxcApplication - The following profiles are active: dev
2018-06-24 21:16:03.035 [main] INFO  o.s.b.w.s.c.AnnotationConfigServletWebServerApplicationContext - Refreshing org.springframework.boot.web.servlet.context.AnnotationConfigServletWebServerApplicationContext@6c0d7c83: startup date [Sun Jun 24 21:16:03 CST 2018]; root of context hierarchy
2018-06-24 21:16:03.876 [main] INFO  o.s.b.factory.support.DefaultListableBeanFactory - Overriding bean definition for bean 'userRealm' with a different definition: replacing [Generic bean: class [com.wy.integration.configurer.shiro.UserRealm]; scope=singleton; abstract=false; lazyInit=false; autowireMode=0; dependencyCheck=0; autowireCandidate=true; primary=false; factoryBeanName=null; factoryMethodName=null; initMethodName=null; destroyMethodName=null; defined in file [E:\git-clone\AdminFunction\target\classes\com\wy\integration\configurer\shiro\UserRealm.class]] with [Root bean: class [null]; scope=; abstract=false; lazyInit=false; autowireMode=3; dependencyCheck=0; autowireCandidate=true; primary=false; factoryBeanName=shiroConfig; factoryMethodName=userRealm; initMethodName=null; destroyMethodName=(inferred); defined in class path resource [com/wy/integration/configurer/shiro/ShiroConfig.class]]
2018-06-24 21:16:04.098 [main] WARN  o.s.c.annotation.ConfigurationClassPostProcessor - Cannot enhance @Configuration bean definition 'mybatisConfigurer' since its singleton instance has been created too early. The typical cause is a non-static @Bean method with a BeanDefinitionRegistryPostProcessor return type: Consider declaring such methods as 'static'.
2018-06-24 21:16:04.294 [main] INFO  o.s.c.s.PostProcessorRegistrationDelegate$BeanPostProcessorChecker - Bean 'shiroConfig' of type [com.wy.integration.configurer.shiro.ShiroConfig$$EnhancerBySpringCGLIB$$252bb2e8] is not eligible for getting processed by all BeanPostProcessors (for example: not eligible for auto-proxying)
2018-06-24 21:16:04.770 [main] INFO  org.apache.shiro.realm.AuthorizingRealm - No cache or cacheManager properties have been set.  Authorization cache cannot be obtained.
2018-06-24 21:16:04.770 [main] INFO  o.s.c.s.PostProcessorRegistrationDelegate$BeanPostProcessorChecker - Bean 'userRealm' of type [com.wy.integration.configurer.shiro.UserRealm] is not eligible for getting processed by all BeanPostProcessors (for example: not eligible for auto-proxying)
2018-06-24 21:16:04.796 [main] INFO  o.s.c.s.PostProcessorRegistrationDelegate$BeanPostProcessorChecker - Bean 'securityManager' of type [org.apache.shiro.web.mgt.DefaultWebSecurityManager] is not eligible for getting processed by all BeanPostProcessors (for example: not eligible for auto-proxying)
2018-06-24 21:16:04.941 [main] INFO  o.s.c.s.PostProcessorRegistrationDelegate$BeanPostProcessorChecker - Bean 'org.springframework.transaction.annotation.ProxyTransactionManagementConfiguration' of type [org.springframework.transaction.annotation.ProxyTransactionManagementConfiguration$$EnhancerBySpringCGLIB$$293b2396] is not eligible for getting processed by all BeanPostProcessors (for example: not eligible for auto-proxying)
2018-06-24 21:16:04.992 [main] INFO  o.s.c.s.PostProcessorRegistrationDelegate$BeanPostProcessorChecker - Bean 'authorizationAttributeSourceAdvisor' of type [org.apache.shiro.spring.security.interceptor.AuthorizationAttributeSourceAdvisor] is not eligible for getting processed by all BeanPostProcessors (for example: not eligible for auto-proxying)
2018-06-24 21:16:05.390 [main] INFO  o.s.boot.web.embedded.tomcat.TomcatWebServer - Tomcat initialized with port(s): 9006 (http)
2018-06-24 21:16:05.404 [main] INFO  org.apache.coyote.http11.Http11NioProtocol - Initializing ProtocolHandler ["http-nio-9006"]
2018-06-24 21:16:05.415 [main] INFO  org.apache.catalina.core.StandardService - Starting service [Tomcat]
2018-06-24 21:16:05.415 [main] INFO  org.apache.catalina.core.StandardEngine - Starting Servlet Engine: Apache Tomcat/8.5.31
2018-06-24 21:16:05.418 [localhost-startStop-1] INFO  org.apache.catalina.core.AprLifecycleListener - The APR based Apache Tomcat Native library which allows optimal performance in production environments was not found on the java.library.path: [E:\SoftwareInstallation\Java\jdk1.8.0_111\bin;C:\Windows\Sun\Java\bin;C:\Windows\system32;C:\Windows;C:\Windows\system32;C:\Windows;C:\Windows\System32\Wbem;C:\Windows\System32\WindowsPowerShell\v1.0\;C:\Windows\System32\OpenSSH\;C:\Program Files (x86)\NVIDIA Corporation\PhysX\Common;E:\SoftwareInstallation\Git\cmd;E:\SoftwareInstallation\node\;E:\SoftwareInstallation\Java\jdk1.8.0_111\bin;C:\Program Files\TortoiseSVN\bin;C:\Users\97645\AppData\Local\Microsoft\WindowsApps;C:\Users\97645\AppData\Roaming\npm;.]
2018-06-24 21:16:05.581 [localhost-startStop-1] INFO  o.a.c.core.ContainerBase.[Tomcat].[localhost].[/] - Initializing Spring embedded WebApplicationContext
2018-06-24 21:16:05.582 [localhost-startStop-1] INFO  org.springframework.web.context.ContextLoader - Root WebApplicationContext: initialization completed in 2547 ms
2018-06-24 21:16:05.836 [localhost-startStop-1] INFO  o.s.boot.web.servlet.ServletRegistrationBean - Servlet dispatcherServlet mapped to [/]
2018-06-24 21:16:05.841 [localhost-startStop-1] INFO  o.s.boot.web.servlet.FilterRegistrationBean - Mapping filter: 'characterEncodingFilter' to: [/*]
2018-06-24 21:16:05.842 [localhost-startStop-1] INFO  o.s.boot.web.servlet.FilterRegistrationBean - Mapping filter: 'hiddenHttpMethodFilter' to: [/*]
2018-06-24 21:16:05.842 [localhost-startStop-1] INFO  o.s.boot.web.servlet.FilterRegistrationBean - Mapping filter: 'httpPutFormContentFilter' to: [/*]
2018-06-24 21:16:05.842 [localhost-startStop-1] INFO  o.s.boot.web.servlet.FilterRegistrationBean - Mapping filter: 'requestContextFilter' to: [/*]
2018-06-24 21:16:05.842 [localhost-startStop-1] INFO  o.s.boot.web.servlet.FilterRegistrationBean - Mapping filter: 'shirFilter' to: [/*]
2018-06-24 21:16:07.091 [main] INFO  o.s.w.s.m.m.a.RequestMappingHandlerMapping - Mapped "{[/sysgroup/add],methods=[POST]}" onto public com.wy.integration.utils.ResPonseUtils.RestfulApiResponse<java.lang.Integer> com.wy.integration.web.SysGroupController.add(com.wy.integration.model.SysGroup)
2018-06-24 21:16:07.092 [main] INFO  o.s.w.s.m.m.a.RequestMappingHandlerMapping - Mapped "{[/sysgroup/update],methods=[PUT]}" onto public com.wy.integration.utils.ResPonseUtils.RestfulApiResponse<java.lang.Integer> com.wy.integration.web.SysGroupController.update(com.wy.integration.model.SysGroup)
2018-06-24 21:16:07.093 [main] INFO  o.s.w.s.m.m.a.RequestMappingHandlerMapping - Mapped "{[/sysgroup/delete],methods=[DELETE]}" onto public com.wy.integration.utils.ResPonseUtils.RestfulApiResponse<java.lang.Integer> com.wy.integration.web.SysGroupController.delete(java.lang.String)
2018-06-24 21:16:07.093 [main] INFO  o.s.w.s.m.m.a.RequestMappingHandlerMapping - Mapped "{[/sysgroup/list],methods=[GET]}" onto public com.wy.integration.utils.ResPonseUtils.RestfulApiResponse<com.github.pagehelper.PageInfo> com.wy.integration.web.SysGroupController.list(java.lang.Integer,java.lang.Integer)
2018-06-24 21:16:07.093 [main] INFO  o.s.w.s.m.m.a.RequestMappingHandlerMapping - Mapped "{[/sysgroup/detail],methods=[GET]}" onto public com.wy.integration.utils.ResPonseUtils.RestfulApiResponse<com.wy.integration.model.SysGroup> com.wy.integration.web.SysGroupController.detail(java.lang.Integer)
2018-06-24 21:16:07.095 [main] INFO  o.s.w.s.m.m.a.RequestMappingHandlerMapping - Mapped "{[/syslog/add],methods=[POST]}" onto public com.wy.integration.utils.ResPonseUtils.RestfulApiResponse<java.lang.Integer> com.wy.integration.web.SysLogController.add(com.wy.integration.model.SysLog)
2018-06-24 21:16:07.095 [main] INFO  o.s.w.s.m.m.a.RequestMappingHandlerMapping - Mapped "{[/syslog/update],methods=[PUT]}" onto public com.wy.integration.utils.ResPonseUtils.RestfulApiResponse<java.lang.Integer> com.wy.integration.web.SysLogController.update(com.wy.integration.model.SysLog)
2018-06-24 21:16:07.095 [main] INFO  o.s.w.s.m.m.a.RequestMappingHandlerMapping - Mapped "{[/syslog/delete],methods=[DELETE]}" onto public com.wy.integration.utils.ResPonseUtils.RestfulApiResponse<java.lang.Integer> com.wy.integration.web.SysLogController.delete(java.lang.String)
2018-06-24 21:16:07.096 [main] INFO  o.s.w.s.m.m.a.RequestMappingHandlerMapping - Mapped "{[/syslog/list],methods=[GET]}" onto public com.wy.integration.utils.ResPonseUtils.RestfulApiResponse<com.github.pagehelper.PageInfo> com.wy.integration.web.SysLogController.list(java.lang.Integer,java.lang.Integer)
2018-06-24 21:16:07.096 [main] INFO  o.s.w.s.m.m.a.RequestMappingHandlerMapping - Mapped "{[/syslog/detail],methods=[GET]}" onto public com.wy.integration.utils.ResPonseUtils.RestfulApiResponse<com.wy.integration.model.SysLog> com.wy.integration.web.SysLogController.detail(java.lang.Integer)
2018-06-24 21:16:07.098 [main] INFO  o.s.w.s.m.m.a.RequestMappingHandlerMapping - Mapped "{[/sysmenu/add],methods=[POST]}" onto public com.wy.integration.utils.ResPonseUtils.RestfulApiResponse<java.lang.Integer> com.wy.integration.web.SysMenuController.add(com.wy.integration.model.SysMenu)
2018-06-24 21:16:07.098 [main] INFO  o.s.w.s.m.m.a.RequestMappingHandlerMapping - Mapped "{[/sysmenu/update],methods=[PUT]}" onto public com.wy.integration.utils.ResPonseUtils.RestfulApiResponse<java.lang.Integer> com.wy.integration.web.SysMenuController.update(com.wy.integration.model.SysMenu)
2018-06-24 21:16:07.098 [main] INFO  o.s.w.s.m.m.a.RequestMappingHandlerMapping - Mapped "{[/sysmenu/delete],methods=[DELETE]}" onto public com.wy.integration.utils.ResPonseUtils.RestfulApiResponse<java.lang.Integer> com.wy.integration.web.SysMenuController.delete(java.lang.String)
2018-06-24 21:16:07.099 [main] INFO  o.s.w.s.m.m.a.RequestMappingHandlerMapping - Mapped "{[/sysmenu/list],methods=[GET]}" onto public com.wy.integration.utils.ResPonseUtils.RestfulApiResponse<com.github.pagehelper.PageInfo> com.wy.integration.web.SysMenuController.list(java.lang.Integer,java.lang.Integer)
2018-06-24 21:16:07.099 [main] INFO  o.s.w.s.m.m.a.RequestMappingHandlerMapping - Mapped "{[/sysmenu/detail],methods=[GET]}" onto public com.wy.integration.utils.ResPonseUtils.RestfulApiResponse<com.wy.integration.model.SysMenu> com.wy.integration.web.SysMenuController.detail(java.lang.Integer)
2018-06-24 21:16:07.102 [main] INFO  o.s.w.s.m.m.a.RequestMappingHandlerMapping - Mapped "{[/sysrole/add],methods=[POST]}" onto public com.wy.integration.utils.ResPonseUtils.RestfulApiResponse<java.lang.Integer> com.wy.integration.web.SysRoleController.add(com.wy.integration.model.SysRole)
2018-06-24 21:16:07.103 [main] INFO  o.s.w.s.m.m.a.RequestMappingHandlerMapping - Mapped "{[/sysrole/update],methods=[PUT]}" onto public com.wy.integration.utils.ResPonseUtils.RestfulApiResponse<java.lang.Integer> com.wy.integration.web.SysRoleController.update(com.wy.integration.model.SysRole)
2018-06-24 21:16:07.103 [main] INFO  o.s.w.s.m.m.a.RequestMappingHandlerMapping - Mapped "{[/sysrole/delete],methods=[DELETE]}" onto public com.wy.integration.utils.ResPonseUtils.RestfulApiResponse<java.lang.Integer> com.wy.integration.web.SysRoleController.delete(java.lang.String)
2018-06-24 21:16:07.103 [main] INFO  o.s.w.s.m.m.a.RequestMappingHandlerMapping - Mapped "{[/sysrole/list],methods=[GET]}" onto public com.wy.integration.utils.ResPonseUtils.RestfulApiResponse<com.github.pagehelper.PageInfo> com.wy.integration.web.SysRoleController.list(java.lang.Integer,java.lang.Integer)
2018-06-24 21:16:07.104 [main] INFO  o.s.w.s.m.m.a.RequestMappingHandlerMapping - Mapped "{[/sysrole/detail],methods=[GET]}" onto public com.wy.integration.utils.ResPonseUtils.RestfulApiResponse<com.wy.integration.model.SysRole> com.wy.integration.web.SysRoleController.detail(java.lang.Integer)
2018-06-24 21:16:07.105 [main] INFO  o.s.w.s.m.m.a.RequestMappingHandlerMapping - Mapped "{[/sysuser/add],methods=[POST]}" onto public com.wy.integration.utils.ResPonseUtils.RestfulApiResponse<java.lang.Integer> com.wy.integration.web.SysUserController.add(com.wy.integration.dto.SysUserAddDto,org.springframework.validation.Errors)
2018-06-24 21:16:07.105 [main] INFO  o.s.w.s.m.m.a.RequestMappingHandlerMapping - Mapped "{[/sysuser/update],methods=[PUT]}" onto public com.wy.integration.utils.ResPonseUtils.RestfulApiResponse<java.lang.Integer> com.wy.integration.web.SysUserController.update(com.wy.integration.model.SysUser)
2018-06-24 21:16:07.105 [main] INFO  o.s.w.s.m.m.a.RequestMappingHandlerMapping - Mapped "{[/sysuser/delete],methods=[DELETE]}" onto public com.wy.integration.utils.ResPonseUtils.RestfulApiResponse<java.lang.Integer> com.wy.integration.web.SysUserController.delete(java.lang.String)
2018-06-24 21:16:07.106 [main] INFO  o.s.w.s.m.m.a.RequestMappingHandlerMapping - Mapped "{[/sysuser/list],methods=[GET]}" onto public com.wy.integration.utils.ResPonseUtils.RestfulApiResponse<com.github.pagehelper.PageInfo> com.wy.integration.web.SysUserController.list(java.lang.Integer,java.lang.Integer)
2018-06-24 21:16:07.106 [main] INFO  o.s.w.s.m.m.a.RequestMappingHandlerMapping - Mapped "{[/sysuser/detail],methods=[GET]}" onto public com.wy.integration.utils.ResPonseUtils.RestfulApiResponse<com.wy.integration.model.SysUser> com.wy.integration.web.SysUserController.detail(java.lang.Integer)
2018-06-24 21:16:07.107 [main] INFO  o.s.w.s.m.m.a.RequestMappingHandlerMapping - Mapped "{[/v2/api-docs],methods=[GET],produces=[application/json || application/hal+json]}" onto public org.springframework.http.ResponseEntity<springfox.documentation.spring.web.json.Json> springfox.documentation.swagger2.web.Swagger2Controller.getDocumentation(java.lang.String,javax.servlet.http.HttpServletRequest)
2018-06-24 21:16:07.110 [main] INFO  o.s.w.s.m.m.a.RequestMappingHandlerMapping - Mapped "{[/swagger-resources/configuration/security]}" onto org.springframework.http.ResponseEntity<springfox.documentation.swagger.web.SecurityConfiguration> springfox.documentation.swagger.web.ApiResourceController.securityConfiguration()
2018-06-24 21:16:07.111 [main] INFO  o.s.w.s.m.m.a.RequestMappingHandlerMapping - Mapped "{[/swagger-resources/configuration/ui]}" onto org.springframework.http.ResponseEntity<springfox.documentation.swagger.web.UiConfiguration> springfox.documentation.swagger.web.ApiResourceController.uiConfiguration()
2018-06-24 21:16:07.111 [main] INFO  o.s.w.s.m.m.a.RequestMappingHandlerMapping - Mapped "{[/swagger-resources]}" onto org.springframework.http.ResponseEntity<java.util.List<springfox.documentation.swagger.web.SwaggerResource>> springfox.documentation.swagger.web.ApiResourceController.swaggerResources()
2018-06-24 21:16:07.114 [main] INFO  o.s.w.s.m.m.a.RequestMappingHandlerMapping - Mapped "{[/error]}" onto public org.springframework.http.ResponseEntity<java.util.Map<java.lang.String, java.lang.Object>> org.springframework.boot.autoconfigure.web.servlet.error.BasicErrorController.error(javax.servlet.http.HttpServletRequest)
2018-06-24 21:16:07.114 [main] INFO  o.s.w.s.m.m.a.RequestMappingHandlerMapping - Mapped "{[/error],produces=[text/html]}" onto public org.springframework.web.servlet.ModelAndView org.springframework.boot.autoconfigure.web.servlet.error.BasicErrorController.errorHtml(javax.servlet.http.HttpServletRequest,javax.servlet.http.HttpServletResponse)
2018-06-24 21:16:07.335 [main] INFO  o.s.web.servlet.handler.SimpleUrlHandlerMapping - Mapped URL path [/**/favicon.ico] onto handler of type [class org.springframework.web.servlet.resource.ResourceHttpRequestHandler]
2018-06-24 21:16:07.574 [main] INFO  o.s.w.s.m.m.a.RequestMappingHandlerAdapter - Looking for @ControllerAdvice: org.springframework.boot.web.servlet.context.AnnotationConfigServletWebServerApplicationContext@6c0d7c83: startup date [Sun Jun 24 21:16:03 CST 2018]; root of context hierarchy
2018-06-24 21:16:07.631 [main] INFO  o.s.web.servlet.handler.SimpleUrlHandlerMapping - Mapped URL path [/webjars/**] onto handler of type [class org.springframework.web.servlet.resource.ResourceHttpRequestHandler]
2018-06-24 21:16:07.631 [main] INFO  o.s.web.servlet.handler.SimpleUrlHandlerMapping - Mapped URL path [/**] onto handler of type [class org.springframework.web.servlet.resource.ResourceHttpRequestHandler]
2018-06-24 21:16:07.649 [main] INFO  o.s.w.s.m.m.a.ExceptionHandlerExceptionResolver - Detected @ExceptionHandler methods in myExceptionHandler
2018-06-24 21:16:07.897 [main] INFO  o.s.jmx.export.annotation.AnnotationMBeanExporter - Registering beans for JMX exposure on startup
2018-06-24 21:16:07.899 [main] INFO  o.s.jmx.export.annotation.AnnotationMBeanExporter - Bean with name 'dataSource' has been autodetected for JMX exposure
2018-06-24 21:16:07.905 [main] INFO  o.s.jmx.export.annotation.AnnotationMBeanExporter - Located MBean 'dataSource': registering with JMX server as MBean [com.alibaba.druid.pool:name=dataSource,type=DruidDataSource]
2018-06-24 21:16:07.912 [main] INFO  o.s.context.support.DefaultLifecycleProcessor - Starting beans in phase 2147483647
2018-06-24 21:16:07.912 [main] INFO  s.d.s.web.plugins.DocumentationPluginsBootstrapper - Context refreshed
2018-06-24 21:16:07.950 [main] INFO  s.d.s.web.plugins.DocumentationPluginsBootstrapper - Found 1 custom documentation plugin(s)
2018-06-24 21:16:07.963 [main] INFO  s.d.spring.web.scanners.ApiListingReferenceScanner - Scanning for api listing references
2018-06-24 21:16:08.244 [main] INFO  s.d.s.w.r.operation.CachingOperationNameGenerator - Generating unique operation named: addUsingPOST_1
2018-06-24 21:16:08.244 [main] INFO  s.d.s.w.r.operation.CachingOperationNameGenerator - Generating unique operation named: deleteUsingDELETE_1
2018-06-24 21:16:08.260 [main] INFO  s.d.s.w.r.operation.CachingOperationNameGenerator - Generating unique operation named: detailUsingGET_1
2018-06-24 21:16:08.260 [main] INFO  s.d.s.w.r.operation.CachingOperationNameGenerator - Generating unique operation named: listUsingGET_1
2018-06-24 21:16:08.260 [main] INFO  s.d.s.w.r.operation.CachingOperationNameGenerator - Generating unique operation named: updateUsingPUT_1
2018-06-24 21:16:08.275 [main] INFO  s.d.s.w.r.operation.CachingOperationNameGenerator - Generating unique operation named: addUsingPOST_2
2018-06-24 21:16:08.275 [main] INFO  s.d.s.w.r.operation.CachingOperationNameGenerator - Generating unique operation named: deleteUsingDELETE_2
2018-06-24 21:16:08.275 [main] INFO  s.d.s.w.r.operation.CachingOperationNameGenerator - Generating unique operation named: detailUsingGET_2
2018-06-24 21:16:08.291 [main] INFO  s.d.s.w.r.operation.CachingOperationNameGenerator - Generating unique operation named: listUsingGET_2
2018-06-24 21:16:08.291 [main] INFO  s.d.s.w.r.operation.CachingOperationNameGenerator - Generating unique operation named: updateUsingPUT_2
2018-06-24 21:16:08.291 [main] INFO  s.d.s.w.r.operation.CachingOperationNameGenerator - Generating unique operation named: addUsingPOST_3
2018-06-24 21:16:08.291 [main] INFO  s.d.s.w.r.operation.CachingOperationNameGenerator - Generating unique operation named: deleteUsingDELETE_3
2018-06-24 21:16:08.307 [main] INFO  s.d.s.w.r.operation.CachingOperationNameGenerator - Generating unique operation named: detailUsingGET_3
2018-06-24 21:16:08.307 [main] INFO  s.d.s.w.r.operation.CachingOperationNameGenerator - Generating unique operation named: listUsingGET_3
2018-06-24 21:16:08.322 [main] INFO  s.d.s.w.r.operation.CachingOperationNameGenerator - Generating unique operation named: updateUsingPUT_3
2018-06-24 21:16:08.322 [main] INFO  s.d.s.w.r.operation.CachingOperationNameGenerator - Generating unique operation named: addUsingPOST_4
2018-06-24 21:16:08.338 [main] INFO  s.d.s.w.r.operation.CachingOperationNameGenerator - Generating unique operation named: deleteUsingDELETE_4
2018-06-24 21:16:08.338 [main] INFO  s.d.s.w.r.operation.CachingOperationNameGenerator - Generating unique operation named: detailUsingGET_4
2018-06-24 21:16:08.338 [main] INFO  s.d.s.w.r.operation.CachingOperationNameGenerator - Generating unique operation named: listUsingGET_4
2018-06-24 21:16:08.353 [main] INFO  s.d.s.w.r.operation.CachingOperationNameGenerator - Generating unique operation named: updateUsingPUT_4
2018-06-24 21:16:08.369 [main] INFO  org.apache.coyote.http11.Http11NioProtocol - Starting ProtocolHandler ["http-nio-9006"]
2018-06-24 21:16:08.385 [main] INFO  org.apache.tomcat.util.net.NioSelectorPool - Using a shared selector for servlet write/read
2018-06-24 21:16:08.400 [main] INFO  o.s.boot.web.embedded.tomcat.TomcatWebServer - Tomcat started on port(s): 9006 (http) with context path ''
2018-06-24 21:16:08.400 [main] INFO  com.wy.integration.ZxcApplication - Started ZxcApplication in 5.856 seconds (JVM running for 7.442)
2018-06-24 21:17:27.922 [http-nio-9006-exec-1] INFO  o.a.c.core.ContainerBase.[Tomcat].[localhost].[/] - Initializing Spring FrameworkServlet 'dispatcherServlet'
2018-06-24 21:17:27.922 [http-nio-9006-exec-1] INFO  org.springframework.web.servlet.DispatcherServlet - FrameworkServlet 'dispatcherServlet': initialization started
2018-06-24 21:17:27.942 [http-nio-9006-exec-1] INFO  org.springframework.web.servlet.DispatcherServlet - FrameworkServlet 'dispatcherServlet': initialization completed in 20 ms
2018-06-24 21:17:39.372 [http-nio-9006-exec-2] INFO  com.alibaba.druid.pool.DruidDataSource - {dataSource-1} inited
