2018-06-10 23:11:35.770 [main] INFO  com.wy.integration.ZxcApplication - Starting ZxcApplication on DESKTOP-MEILE45 with PID 14296 (E:\CodeManager\AdminFunction\target\classes started by 97645 in E:\CodeManager\AdminFunction)
2018-06-10 23:11:35.772 [main] INFO  com.wy.integration.ZxcApplication - The following profiles are active: dev
2018-06-10 23:11:35.813 [main] INFO  o.s.b.w.s.c.AnnotationConfigServletWebServerApplicationContext - Refreshing org.springframework.boot.web.servlet.context.AnnotationConfigServletWebServerApplicationContext@571c5681: startup date [Sun Jun 10 23:11:35 CST 2018]; root of context hierarchy
2018-06-10 23:11:36.342 [main] INFO  o.s.b.factory.support.DefaultListableBeanFactory - Overriding bean definition for bean 'userRealm' with a different definition: replacing [Generic bean: class [com.wy.integration.configurer.shiro.UserRealm]; scope=singleton; abstract=false; lazyInit=false; autowireMode=0; dependencyCheck=0; autowireCandidate=true; primary=false; factoryBeanName=null; factoryMethodName=null; initMethodName=null; destroyMethodName=null; defined in file [E:\CodeManager\AdminFunction\target\classes\com\wy\integration\configurer\shiro\UserRealm.class]] with [Root bean: class [null]; scope=; abstract=false; lazyInit=false; autowireMode=3; dependencyCheck=0; autowireCandidate=true; primary=false; factoryBeanName=shiroConfig; factoryMethodName=userRealm; initMethodName=null; destroyMethodName=(inferred); defined in class path resource [com/wy/integration/configurer/shiro/ShiroConfig.class]]
2018-06-10 23:11:36.504 [main] WARN  o.s.c.annotation.ConfigurationClassPostProcessor - Cannot enhance @Configuration bean definition 'mybatisConfigurer' since its singleton instance has been created too early. The typical cause is a non-static @Bean method with a BeanDefinitionRegistryPostProcessor return type: Consider declaring such methods as 'static'.
2018-06-10 23:11:36.659 [main] INFO  o.s.c.s.PostProcessorRegistrationDelegate$BeanPostProcessorChecker - Bean 'shiroConfig' of type [com.wy.integration.configurer.shiro.ShiroConfig$$EnhancerBySpringCGLIB$$e335db63] is not eligible for getting processed by all BeanPostProcessors (for example: not eligible for auto-proxying)
2018-06-10 23:11:36.914 [main] INFO  org.apache.shiro.realm.AuthorizingRealm - No cache or cacheManager properties have been set.  Authorization cache cannot be obtained.
2018-06-10 23:11:36.915 [main] INFO  o.s.c.s.PostProcessorRegistrationDelegate$BeanPostProcessorChecker - Bean 'userRealm' of type [com.wy.integration.configurer.shiro.UserRealm] is not eligible for getting processed by all BeanPostProcessors (for example: not eligible for auto-proxying)
2018-06-10 23:11:36.926 [main] INFO  o.s.c.s.PostProcessorRegistrationDelegate$BeanPostProcessorChecker - Bean 'securityManager' of type [org.apache.shiro.web.mgt.DefaultWebSecurityManager] is not eligible for getting processed by all BeanPostProcessors (for example: not eligible for auto-proxying)
2018-06-10 23:11:36.971 [main] INFO  o.s.c.s.PostProcessorRegistrationDelegate$BeanPostProcessorChecker - Bean 'org.springframework.transaction.annotation.ProxyTransactionManagementConfiguration' of type [org.springframework.transaction.annotation.ProxyTransactionManagementConfiguration$$EnhancerBySpringCGLIB$$e7454c11] is not eligible for getting processed by all BeanPostProcessors (for example: not eligible for auto-proxying)
2018-06-10 23:11:36.984 [main] INFO  o.s.c.s.PostProcessorRegistrationDelegate$BeanPostProcessorChecker - Bean 'authorizationAttributeSourceAdvisor' of type [org.apache.shiro.spring.security.interceptor.AuthorizationAttributeSourceAdvisor] is not eligible for getting processed by all BeanPostProcessors (for example: not eligible for auto-proxying)
2018-06-10 23:11:37.227 [main] INFO  o.s.boot.web.embedded.tomcat.TomcatWebServer - Tomcat initialized with port(s): 9001 (http)
2018-06-10 23:11:37.237 [main] INFO  org.apache.coyote.http11.Http11NioProtocol - Initializing ProtocolHandler ["http-nio-9001"]
2018-06-10 23:11:37.247 [main] INFO  org.apache.catalina.core.StandardService - Starting service [Tomcat]
2018-06-10 23:11:37.247 [main] INFO  org.apache.catalina.core.StandardEngine - Starting Servlet Engine: Apache Tomcat/8.5.31
2018-06-10 23:11:37.251 [localhost-startStop-1] INFO  org.apache.catalina.core.AprLifecycleListener - The APR based Apache Tomcat Native library which allows optimal performance in production environments was not found on the java.library.path: [E:\SoftwareInstallation\Java\jdk1.8.0_111\bin;C:\Windows\Sun\Java\bin;C:\Windows\system32;C:\Windows;C:\Windows\system32;C:\Windows;C:\Windows\System32\Wbem;C:\Windows\System32\WindowsPowerShell\v1.0\;C:\Windows\System32\OpenSSH\;C:\Program Files (x86)\NVIDIA Corporation\PhysX\Common;E:\SoftwareInstallation\Git\cmd;E:\SoftwareInstallation\node\;E:\SoftwareInstallation\Java\jdk1.8.0_111\bin;C:\Program Files\TortoiseSVN\bin;C:\Users\97645\AppData\Local\Microsoft\WindowsApps;C:\Users\97645\AppData\Roaming\npm;.]
2018-06-10 23:11:37.331 [localhost-startStop-1] INFO  o.a.c.core.ContainerBase.[Tomcat].[localhost].[/] - Initializing Spring embedded WebApplicationContext
2018-06-10 23:11:37.332 [localhost-startStop-1] INFO  org.springframework.web.context.ContextLoader - Root WebApplicationContext: initialization completed in 1519 ms
2018-06-10 23:11:37.483 [localhost-startStop-1] INFO  o.s.boot.web.servlet.ServletRegistrationBean - Servlet dispatcherServlet mapped to [/]
2018-06-10 23:11:37.487 [localhost-startStop-1] INFO  o.s.boot.web.servlet.FilterRegistrationBean - Mapping filter: 'characterEncodingFilter' to: [/*]
2018-06-10 23:11:37.487 [localhost-startStop-1] INFO  o.s.boot.web.servlet.FilterRegistrationBean - Mapping filter: 'hiddenHttpMethodFilter' to: [/*]
2018-06-10 23:11:37.487 [localhost-startStop-1] INFO  o.s.boot.web.servlet.FilterRegistrationBean - Mapping filter: 'httpPutFormContentFilter' to: [/*]
2018-06-10 23:11:37.487 [localhost-startStop-1] INFO  o.s.boot.web.servlet.FilterRegistrationBean - Mapping filter: 'requestContextFilter' to: [/*]
2018-06-10 23:11:37.487 [localhost-startStop-1] INFO  o.s.boot.web.servlet.FilterRegistrationBean - Mapping filter: 'shirFilter' to: [/*]
2018-06-10 23:11:38.653 [main] INFO  o.s.w.s.m.m.a.RequestMappingHandlerMapping - Mapped "{[/sysgroup/add],methods=[POST]}" onto public com.wy.integration.utils.ResPonseUtils.RestfulApiResponse<java.lang.Integer> com.wy.integration.web.SysGroupController.add(com.wy.integration.model.SysGroup)
2018-06-10 23:11:38.654 [main] INFO  o.s.w.s.m.m.a.RequestMappingHandlerMapping - Mapped "{[/sysgroup/update],methods=[PUT]}" onto public com.wy.integration.utils.ResPonseUtils.RestfulApiResponse<java.lang.Integer> com.wy.integration.web.SysGroupController.update(com.wy.integration.model.SysGroup)
2018-06-10 23:11:38.655 [main] INFO  o.s.w.s.m.m.a.RequestMappingHandlerMapping - Mapped "{[/sysgroup/delete],methods=[DELETE]}" onto public com.wy.integration.utils.ResPonseUtils.RestfulApiResponse<java.lang.Integer> com.wy.integration.web.SysGroupController.delete(java.lang.String)
2018-06-10 23:11:38.655 [main] INFO  o.s.w.s.m.m.a.RequestMappingHandlerMapping - Mapped "{[/sysgroup/list],methods=[GET]}" onto public com.wy.integration.utils.ResPonseUtils.RestfulApiResponse<com.github.pagehelper.PageInfo> com.wy.integration.web.SysGroupController.list(java.lang.Integer,java.lang.Integer)
2018-06-10 23:11:38.655 [main] INFO  o.s.w.s.m.m.a.RequestMappingHandlerMapping - Mapped "{[/sysgroup/detail],methods=[GET]}" onto public com.wy.integration.utils.ResPonseUtils.RestfulApiResponse<com.wy.integration.model.SysGroup> com.wy.integration.web.SysGroupController.detail(java.lang.Integer)
2018-06-10 23:11:38.656 [main] INFO  o.s.w.s.m.m.a.RequestMappingHandlerMapping - Mapped "{[/syslog/add],methods=[POST]}" onto public com.wy.integration.utils.ResPonseUtils.RestfulApiResponse<java.lang.Integer> com.wy.integration.web.SysLogController.add(com.wy.integration.model.SysLog)
2018-06-10 23:11:38.657 [main] INFO  o.s.w.s.m.m.a.RequestMappingHandlerMapping - Mapped "{[/syslog/update],methods=[PUT]}" onto public com.wy.integration.utils.ResPonseUtils.RestfulApiResponse<java.lang.Integer> com.wy.integration.web.SysLogController.update(com.wy.integration.model.SysLog)
2018-06-10 23:11:38.657 [main] INFO  o.s.w.s.m.m.a.RequestMappingHandlerMapping - Mapped "{[/syslog/delete],methods=[DELETE]}" onto public com.wy.integration.utils.ResPonseUtils.RestfulApiResponse<java.lang.Integer> com.wy.integration.web.SysLogController.delete(java.lang.String)
2018-06-10 23:11:38.657 [main] INFO  o.s.w.s.m.m.a.RequestMappingHandlerMapping - Mapped "{[/syslog/list],methods=[GET]}" onto public com.wy.integration.utils.ResPonseUtils.RestfulApiResponse<com.github.pagehelper.PageInfo> com.wy.integration.web.SysLogController.list(java.lang.Integer,java.lang.Integer)
2018-06-10 23:11:38.657 [main] INFO  o.s.w.s.m.m.a.RequestMappingHandlerMapping - Mapped "{[/syslog/detail],methods=[GET]}" onto public com.wy.integration.utils.ResPonseUtils.RestfulApiResponse<com.wy.integration.model.SysLog> com.wy.integration.web.SysLogController.detail(java.lang.Integer)
2018-06-10 23:11:38.658 [main] INFO  o.s.w.s.m.m.a.RequestMappingHandlerMapping - Mapped "{[/sysmenu/add],methods=[POST]}" onto public com.wy.integration.utils.ResPonseUtils.RestfulApiResponse<java.lang.Integer> com.wy.integration.web.SysMenuController.add(com.wy.integration.model.SysMenu)
2018-06-10 23:11:38.659 [main] INFO  o.s.w.s.m.m.a.RequestMappingHandlerMapping - Mapped "{[/sysmenu/update],methods=[PUT]}" onto public com.wy.integration.utils.ResPonseUtils.RestfulApiResponse<java.lang.Integer> com.wy.integration.web.SysMenuController.update(com.wy.integration.model.SysMenu)
2018-06-10 23:11:38.659 [main] INFO  o.s.w.s.m.m.a.RequestMappingHandlerMapping - Mapped "{[/sysmenu/delete],methods=[DELETE]}" onto public com.wy.integration.utils.ResPonseUtils.RestfulApiResponse<java.lang.Integer> com.wy.integration.web.SysMenuController.delete(java.lang.String)
2018-06-10 23:11:38.659 [main] INFO  o.s.w.s.m.m.a.RequestMappingHandlerMapping - Mapped "{[/sysmenu/list],methods=[GET]}" onto public com.wy.integration.utils.ResPonseUtils.RestfulApiResponse<com.github.pagehelper.PageInfo> com.wy.integration.web.SysMenuController.list(java.lang.Integer,java.lang.Integer)
2018-06-10 23:11:38.659 [main] INFO  o.s.w.s.m.m.a.RequestMappingHandlerMapping - Mapped "{[/sysmenu/detail],methods=[GET]}" onto public com.wy.integration.utils.ResPonseUtils.RestfulApiResponse<com.wy.integration.model.SysMenu> com.wy.integration.web.SysMenuController.detail(java.lang.Integer)
2018-06-10 23:11:38.663 [main] INFO  o.s.w.s.m.m.a.RequestMappingHandlerMapping - Mapped "{[/sysrole/add],methods=[POST]}" onto public com.wy.integration.utils.ResPonseUtils.RestfulApiResponse<java.lang.Integer> com.wy.integration.web.SysRoleController.add(com.wy.integration.model.SysRole)
2018-06-10 23:11:38.663 [main] INFO  o.s.w.s.m.m.a.RequestMappingHandlerMapping - Mapped "{[/sysrole/update],methods=[PUT]}" onto public com.wy.integration.utils.ResPonseUtils.RestfulApiResponse<java.lang.Integer> com.wy.integration.web.SysRoleController.update(com.wy.integration.model.SysRole)
2018-06-10 23:11:38.663 [main] INFO  o.s.w.s.m.m.a.RequestMappingHandlerMapping - Mapped "{[/sysrole/delete],methods=[DELETE]}" onto public com.wy.integration.utils.ResPonseUtils.RestfulApiResponse<java.lang.Integer> com.wy.integration.web.SysRoleController.delete(java.lang.String)
2018-06-10 23:11:38.663 [main] INFO  o.s.w.s.m.m.a.RequestMappingHandlerMapping - Mapped "{[/sysrole/list],methods=[GET]}" onto public com.wy.integration.utils.ResPonseUtils.RestfulApiResponse<com.github.pagehelper.PageInfo> com.wy.integration.web.SysRoleController.list(java.lang.Integer,java.lang.Integer)
2018-06-10 23:11:38.664 [main] INFO  o.s.w.s.m.m.a.RequestMappingHandlerMapping - Mapped "{[/sysrole/detail],methods=[GET]}" onto public com.wy.integration.utils.ResPonseUtils.RestfulApiResponse<com.wy.integration.model.SysRole> com.wy.integration.web.SysRoleController.detail(java.lang.Integer)
2018-06-10 23:11:38.664 [main] INFO  o.s.w.s.m.m.a.RequestMappingHandlerMapping - Mapped "{[/sysuser/add],methods=[POST]}" onto public com.wy.integration.utils.ResPonseUtils.RestfulApiResponse<java.lang.Integer> com.wy.integration.web.SysUserController.add(com.wy.integration.model.SysUser)
2018-06-10 23:11:38.665 [main] INFO  o.s.w.s.m.m.a.RequestMappingHandlerMapping - Mapped "{[/sysuser/update],methods=[PUT]}" onto public com.wy.integration.utils.ResPonseUtils.RestfulApiResponse<java.lang.Integer> com.wy.integration.web.SysUserController.update(com.wy.integration.model.SysUser)
2018-06-10 23:11:38.665 [main] INFO  o.s.w.s.m.m.a.RequestMappingHandlerMapping - Mapped "{[/sysuser/delete],methods=[DELETE]}" onto public com.wy.integration.utils.ResPonseUtils.RestfulApiResponse<java.lang.Integer> com.wy.integration.web.SysUserController.delete(java.lang.String)
2018-06-10 23:11:38.665 [main] INFO  o.s.w.s.m.m.a.RequestMappingHandlerMapping - Mapped "{[/sysuser/list],methods=[GET]}" onto public com.wy.integration.utils.ResPonseUtils.RestfulApiResponse<com.github.pagehelper.PageInfo> com.wy.integration.web.SysUserController.list(java.lang.Integer,java.lang.Integer)
2018-06-10 23:11:38.665 [main] INFO  o.s.w.s.m.m.a.RequestMappingHandlerMapping - Mapped "{[/sysuser/detail],methods=[GET]}" onto public com.wy.integration.utils.ResPonseUtils.RestfulApiResponse<com.wy.integration.model.SysUser> com.wy.integration.web.SysUserController.detail(java.lang.Integer)
2018-06-10 23:11:38.666 [main] INFO  o.s.w.s.m.m.a.RequestMappingHandlerMapping - Mapped "{[/v2/api-docs],methods=[GET],produces=[application/json || application/hal+json]}" onto public org.springframework.http.ResponseEntity<springfox.documentation.spring.web.json.Json> springfox.documentation.swagger2.web.Swagger2Controller.getDocumentation(java.lang.String,javax.servlet.http.HttpServletRequest)
2018-06-10 23:11:38.669 [main] INFO  o.s.w.s.m.m.a.RequestMappingHandlerMapping - Mapped "{[/swagger-resources/configuration/security]}" onto org.springframework.http.ResponseEntity<springfox.documentation.swagger.web.SecurityConfiguration> springfox.documentation.swagger.web.ApiResourceController.securityConfiguration()
2018-06-10 23:11:38.670 [main] INFO  o.s.w.s.m.m.a.RequestMappingHandlerMapping - Mapped "{[/swagger-resources/configuration/ui]}" onto org.springframework.http.ResponseEntity<springfox.documentation.swagger.web.UiConfiguration> springfox.documentation.swagger.web.ApiResourceController.uiConfiguration()
2018-06-10 23:11:38.670 [main] INFO  o.s.w.s.m.m.a.RequestMappingHandlerMapping - Mapped "{[/swagger-resources]}" onto org.springframework.http.ResponseEntity<java.util.List<springfox.documentation.swagger.web.SwaggerResource>> springfox.documentation.swagger.web.ApiResourceController.swaggerResources()
2018-06-10 23:11:38.672 [main] INFO  o.s.w.s.m.m.a.RequestMappingHandlerMapping - Mapped "{[/error]}" onto public org.springframework.http.ResponseEntity<java.util.Map<java.lang.String, java.lang.Object>> org.springframework.boot.autoconfigure.web.servlet.error.BasicErrorController.error(javax.servlet.http.HttpServletRequest)
2018-06-10 23:11:38.673 [main] INFO  o.s.w.s.m.m.a.RequestMappingHandlerMapping - Mapped "{[/error],produces=[text/html]}" onto public org.springframework.web.servlet.ModelAndView org.springframework.boot.autoconfigure.web.servlet.error.BasicErrorController.errorHtml(javax.servlet.http.HttpServletRequest,javax.servlet.http.HttpServletResponse)
2018-06-10 23:11:38.835 [main] INFO  o.s.web.servlet.handler.SimpleUrlHandlerMapping - Mapped URL path [/**/favicon.ico] onto handler of type [class org.springframework.web.servlet.resource.ResourceHttpRequestHandler]
2018-06-10 23:11:39.030 [main] INFO  o.s.w.s.m.m.a.RequestMappingHandlerAdapter - Looking for @ControllerAdvice: org.springframework.boot.web.servlet.context.AnnotationConfigServletWebServerApplicationContext@571c5681: startup date [Sun Jun 10 23:11:35 CST 2018]; root of context hierarchy
2018-06-10 23:11:39.081 [main] INFO  o.s.web.servlet.handler.SimpleUrlHandlerMapping - Mapped URL path [/webjars/**] onto handler of type [class org.springframework.web.servlet.resource.ResourceHttpRequestHandler]
2018-06-10 23:11:39.081 [main] INFO  o.s.web.servlet.handler.SimpleUrlHandlerMapping - Mapped URL path [/**] onto handler of type [class org.springframework.web.servlet.resource.ResourceHttpRequestHandler]
2018-06-10 23:11:39.354 [main] INFO  o.s.jmx.export.annotation.AnnotationMBeanExporter - Registering beans for JMX exposure on startup
2018-06-10 23:11:39.355 [main] INFO  o.s.jmx.export.annotation.AnnotationMBeanExporter - Bean with name 'dataSource' has been autodetected for JMX exposure
2018-06-10 23:11:39.372 [main] INFO  o.s.jmx.export.annotation.AnnotationMBeanExporter - Located MBean 'dataSource': registering with JMX server as MBean [com.alibaba.druid.pool:name=dataSource,type=DruidDataSource]
2018-06-10 23:11:39.376 [main] INFO  o.s.context.support.DefaultLifecycleProcessor - Starting beans in phase 2147483647
2018-06-10 23:11:39.377 [main] INFO  s.d.s.web.plugins.DocumentationPluginsBootstrapper - Context refreshed
2018-06-10 23:11:39.392 [main] INFO  s.d.s.web.plugins.DocumentationPluginsBootstrapper - Found 1 custom documentation plugin(s)
2018-06-10 23:11:39.404 [main] INFO  s.d.spring.web.scanners.ApiListingReferenceScanner - Scanning for api listing references
2018-06-10 23:11:39.622 [main] INFO  s.d.s.w.r.operation.CachingOperationNameGenerator - Generating unique operation named: addUsingPOST_1
2018-06-10 23:11:39.626 [main] INFO  s.d.s.w.r.operation.CachingOperationNameGenerator - Generating unique operation named: deleteUsingDELETE_1
2018-06-10 23:11:39.637 [main] INFO  s.d.s.w.r.operation.CachingOperationNameGenerator - Generating unique operation named: detailUsingGET_1
2018-06-10 23:11:39.642 [main] INFO  s.d.s.w.r.operation.CachingOperationNameGenerator - Generating unique operation named: listUsingGET_1
2018-06-10 23:11:39.647 [main] INFO  s.d.s.w.r.operation.CachingOperationNameGenerator - Generating unique operation named: updateUsingPUT_1
2018-06-10 23:11:39.654 [main] INFO  s.d.s.w.r.operation.CachingOperationNameGenerator - Generating unique operation named: addUsingPOST_2
2018-06-10 23:11:39.658 [main] INFO  s.d.s.w.r.operation.CachingOperationNameGenerator - Generating unique operation named: deleteUsingDELETE_2
2018-06-10 23:11:39.666 [main] INFO  s.d.s.w.r.operation.CachingOperationNameGenerator - Generating unique operation named: detailUsingGET_2
2018-06-10 23:11:39.671 [main] INFO  s.d.s.w.r.operation.CachingOperationNameGenerator - Generating unique operation named: listUsingGET_2
2018-06-10 23:11:39.676 [main] INFO  s.d.s.w.r.operation.CachingOperationNameGenerator - Generating unique operation named: updateUsingPUT_2
2018-06-10 23:11:39.680 [main] INFO  s.d.s.w.r.operation.CachingOperationNameGenerator - Generating unique operation named: addUsingPOST_3
2018-06-10 23:11:39.684 [main] INFO  s.d.s.w.r.operation.CachingOperationNameGenerator - Generating unique operation named: deleteUsingDELETE_3
2018-06-10 23:11:39.692 [main] INFO  s.d.s.w.r.operation.CachingOperationNameGenerator - Generating unique operation named: detailUsingGET_3
2018-06-10 23:11:39.697 [main] INFO  s.d.s.w.r.operation.CachingOperationNameGenerator - Generating unique operation named: listUsingGET_3
2018-06-10 23:11:39.701 [main] INFO  s.d.s.w.r.operation.CachingOperationNameGenerator - Generating unique operation named: updateUsingPUT_3
2018-06-10 23:11:39.706 [main] INFO  s.d.s.w.r.operation.CachingOperationNameGenerator - Generating unique operation named: addUsingPOST_4
2018-06-10 23:11:39.710 [main] INFO  s.d.s.w.r.operation.CachingOperationNameGenerator - Generating unique operation named: deleteUsingDELETE_4
2018-06-10 23:11:39.719 [main] INFO  s.d.s.w.r.operation.CachingOperationNameGenerator - Generating unique operation named: detailUsingGET_4
2018-06-10 23:11:39.723 [main] INFO  s.d.s.w.r.operation.CachingOperationNameGenerator - Generating unique operation named: listUsingGET_4
2018-06-10 23:11:39.727 [main] INFO  s.d.s.w.r.operation.CachingOperationNameGenerator - Generating unique operation named: updateUsingPUT_4
2018-06-10 23:11:39.744 [main] INFO  org.apache.coyote.http11.Http11NioProtocol - Starting ProtocolHandler ["http-nio-9001"]
2018-06-10 23:11:39.753 [main] INFO  org.apache.tomcat.util.net.NioSelectorPool - Using a shared selector for servlet write/read
2018-06-10 23:11:39.766 [main] INFO  o.s.boot.web.embedded.tomcat.TomcatWebServer - Tomcat started on port(s): 9001 (http) with context path ''
2018-06-10 23:11:39.770 [main] INFO  com.wy.integration.ZxcApplication - Started ZxcApplication in 4.403 seconds (JVM running for 5.132)
2018-06-10 23:11:59.118 [http-nio-9001-exec-1] INFO  o.a.c.core.ContainerBase.[Tomcat].[localhost].[/] - Initializing Spring FrameworkServlet 'dispatcherServlet'
2018-06-10 23:11:59.119 [http-nio-9001-exec-1] INFO  org.springframework.web.servlet.DispatcherServlet - FrameworkServlet 'dispatcherServlet': initialization started
2018-06-10 23:11:59.141 [http-nio-9001-exec-1] INFO  org.springframework.web.servlet.DispatcherServlet - FrameworkServlet 'dispatcherServlet': initialization completed in 22 ms
2018-06-10 23:11:59.176 [http-nio-9001-exec-1] WARN  org.apache.shiro.mgt.DefaultSecurityManager - Delegate RememberMeManager instance of type [org.apache.shiro.web.mgt.CookieRememberMeManager] threw an exception during getRememberedPrincipals().
org.apache.shiro.crypto.CryptoException: Unable to execute 'doFinal' with cipher instance [javax.crypto.Cipher@38c8654].
	at org.apache.shiro.crypto.JcaCipherService.crypt(JcaCipherService.java:462)
	at org.apache.shiro.crypto.JcaCipherService.crypt(JcaCipherService.java:445)
	at org.apache.shiro.crypto.JcaCipherService.decrypt(JcaCipherService.java:390)
	at org.apache.shiro.crypto.JcaCipherService.decrypt(JcaCipherService.java:382)
	at org.apache.shiro.mgt.AbstractRememberMeManager.decrypt(AbstractRememberMeManager.java:479)
	at org.apache.shiro.mgt.AbstractRememberMeManager.convertBytesToPrincipals(AbstractRememberMeManager.java:419)
	at org.apache.shiro.mgt.AbstractRememberMeManager.getRememberedPrincipals(AbstractRememberMeManager.java:386)
	at org.apache.shiro.mgt.DefaultSecurityManager.getRememberedIdentity(DefaultSecurityManager.java:604)
	at org.apache.shiro.mgt.DefaultSecurityManager.resolvePrincipals(DefaultSecurityManager.java:492)
	at org.apache.shiro.mgt.DefaultSecurityManager.createSubject(DefaultSecurityManager.java:342)
	at org.apache.shiro.subject.Subject$Builder.buildSubject(Subject.java:846)
	at org.apache.shiro.web.subject.WebSubject$Builder.buildWebSubject(WebSubject.java:148)
	at org.apache.shiro.web.servlet.AbstractShiroFilter.createSubject(AbstractShiroFilter.java:292)
	at org.apache.shiro.web.servlet.AbstractShiroFilter.doFilterInternal(AbstractShiroFilter.java:359)
	at org.apache.shiro.web.servlet.OncePerRequestFilter.doFilter(OncePerRequestFilter.java:125)
	at org.apache.catalina.core.ApplicationFilterChain.internalDoFilter(ApplicationFilterChain.java:193)
	at org.apache.catalina.core.ApplicationFilterChain.doFilter(ApplicationFilterChain.java:166)
	at org.springframework.web.filter.RequestContextFilter.doFilterInternal(RequestContextFilter.java:99)
	at org.springframework.web.filter.OncePerRequestFilter.doFilter(OncePerRequestFilter.java:107)
	at org.apache.catalina.core.ApplicationFilterChain.internalDoFilter(ApplicationFilterChain.java:193)
	at org.apache.catalina.core.ApplicationFilterChain.doFilter(ApplicationFilterChain.java:166)
	at org.springframework.web.filter.HttpPutFormContentFilter.doFilterInternal(HttpPutFormContentFilter.java:109)
	at org.springframework.web.filter.OncePerRequestFilter.doFilter(OncePerRequestFilter.java:107)
	at org.apache.catalina.core.ApplicationFilterChain.internalDoFilter(ApplicationFilterChain.java:193)
	at org.apache.catalina.core.ApplicationFilterChain.doFilter(ApplicationFilterChain.java:166)
	at org.springframework.web.filter.HiddenHttpMethodFilter.doFilterInternal(HiddenHttpMethodFilter.java:81)
	at org.springframework.web.filter.OncePerRequestFilter.doFilter(OncePerRequestFilter.java:107)
	at org.apache.catalina.core.ApplicationFilterChain.internalDoFilter(ApplicationFilterChain.java:193)
	at org.apache.catalina.core.ApplicationFilterChain.doFilter(ApplicationFilterChain.java:166)
	at org.springframework.web.filter.CharacterEncodingFilter.doFilterInternal(CharacterEncodingFilter.java:200)
	at org.springframework.web.filter.OncePerRequestFilter.doFilter(OncePerRequestFilter.java:107)
	at org.apache.catalina.core.ApplicationFilterChain.internalDoFilter(ApplicationFilterChain.java:193)
	at org.apache.catalina.core.ApplicationFilterChain.doFilter(ApplicationFilterChain.java:166)
	at org.apache.catalina.core.StandardWrapperValve.invoke(StandardWrapperValve.java:198)
	at org.apache.catalina.core.StandardContextValve.invoke(StandardContextValve.java:96)
	at org.apache.catalina.authenticator.AuthenticatorBase.invoke(AuthenticatorBase.java:496)
	at org.apache.catalina.core.StandardHostValve.invoke(StandardHostValve.java:140)
	at org.apache.catalina.valves.ErrorReportValve.invoke(ErrorReportValve.java:81)
	at org.apache.catalina.core.StandardEngineValve.invoke(StandardEngineValve.java:87)
	at org.apache.catalina.connector.CoyoteAdapter.service(CoyoteAdapter.java:342)
	at org.apache.coyote.http11.Http11Processor.service(Http11Processor.java:803)
	at org.apache.coyote.AbstractProcessorLight.process(AbstractProcessorLight.java:66)
	at org.apache.coyote.AbstractProtocol$ConnectionHandler.process(AbstractProtocol.java:790)
	at org.apache.tomcat.util.net.NioEndpoint$SocketProcessor.doRun(NioEndpoint.java:1468)
	at org.apache.tomcat.util.net.SocketProcessorBase.run(SocketProcessorBase.java:49)
	at java.util.concurrent.ThreadPoolExecutor.runWorker(ThreadPoolExecutor.java:1142)
	at java.util.concurrent.ThreadPoolExecutor$Worker.run(ThreadPoolExecutor.java:617)
	at org.apache.tomcat.util.threads.TaskThread$WrappingRunnable.run(TaskThread.java:61)
	at java.lang.Thread.run(Thread.java:745)
Caused by: javax.crypto.BadPaddingException: Given final block not properly padded
	at com.sun.crypto.provider.CipherCore.doFinal(CipherCore.java:975)
	at com.sun.crypto.provider.CipherCore.doFinal(CipherCore.java:833)
	at com.sun.crypto.provider.AESCipher.engineDoFinal(AESCipher.java:446)
	at javax.crypto.Cipher.doFinal(Cipher.java:2165)
	at org.apache.shiro.crypto.JcaCipherService.crypt(JcaCipherService.java:459)
	... 48 common frames omitted
2018-06-10 23:14:13.855 [http-nio-9001-exec-7] INFO  com.alibaba.druid.pool.DruidDataSource - {dataSource-1} inited
2018-06-10 23:15:36.549 [main] INFO  com.wy.integration.ZxcApplication - Starting ZxcApplication on DESKTOP-MEILE45 with PID 12392 (E:\CodeManager\AdminFunction\target\classes started by 97645 in E:\CodeManager\AdminFunction)
2018-06-10 23:15:36.551 [main] INFO  com.wy.integration.ZxcApplication - The following profiles are active: dev
2018-06-10 23:15:36.598 [main] INFO  o.s.b.w.s.c.AnnotationConfigServletWebServerApplicationContext - Refreshing org.springframework.boot.web.servlet.context.AnnotationConfigServletWebServerApplicationContext@4e423aa2: startup date [Sun Jun 10 23:15:36 CST 2018]; root of context hierarchy
2018-06-10 23:15:37.139 [main] INFO  o.s.b.factory.support.DefaultListableBeanFactory - Overriding bean definition for bean 'userRealm' with a different definition: replacing [Generic bean: class [com.wy.integration.configurer.shiro.UserRealm]; scope=singleton; abstract=false; lazyInit=false; autowireMode=0; dependencyCheck=0; autowireCandidate=true; primary=false; factoryBeanName=null; factoryMethodName=null; initMethodName=null; destroyMethodName=null; defined in file [E:\CodeManager\AdminFunction\target\classes\com\wy\integration\configurer\shiro\UserRealm.class]] with [Root bean: class [null]; scope=; abstract=false; lazyInit=false; autowireMode=3; dependencyCheck=0; autowireCandidate=true; primary=false; factoryBeanName=shiroConfig; factoryMethodName=userRealm; initMethodName=null; destroyMethodName=(inferred); defined in class path resource [com/wy/integration/configurer/shiro/ShiroConfig.class]]
2018-06-10 23:15:37.299 [main] WARN  o.s.c.annotation.ConfigurationClassPostProcessor - Cannot enhance @Configuration bean definition 'mybatisConfigurer' since its singleton instance has been created too early. The typical cause is a non-static @Bean method with a BeanDefinitionRegistryPostProcessor return type: Consider declaring such methods as 'static'.
2018-06-10 23:15:37.460 [main] INFO  o.s.c.s.PostProcessorRegistrationDelegate$BeanPostProcessorChecker - Bean 'shiroConfig' of type [com.wy.integration.configurer.shiro.ShiroConfig$$EnhancerBySpringCGLIB$$e70b5ed8] is not eligible for getting processed by all BeanPostProcessors (for example: not eligible for auto-proxying)
2018-06-10 23:15:37.725 [main] INFO  org.apache.shiro.realm.AuthorizingRealm - No cache or cacheManager properties have been set.  Authorization cache cannot be obtained.
2018-06-10 23:15:37.725 [main] INFO  o.s.c.s.PostProcessorRegistrationDelegate$BeanPostProcessorChecker - Bean 'userRealm' of type [com.wy.integration.configurer.shiro.UserRealm] is not eligible for getting processed by all BeanPostProcessors (for example: not eligible for auto-proxying)
2018-06-10 23:15:37.736 [main] INFO  o.s.c.s.PostProcessorRegistrationDelegate$BeanPostProcessorChecker - Bean 'securityManager' of type [org.apache.shiro.web.mgt.DefaultWebSecurityManager] is not eligible for getting processed by all BeanPostProcessors (for example: not eligible for auto-proxying)
2018-06-10 23:15:37.781 [main] INFO  o.s.c.s.PostProcessorRegistrationDelegate$BeanPostProcessorChecker - Bean 'org.springframework.transaction.annotation.ProxyTransactionManagementConfiguration' of type [org.springframework.transaction.annotation.ProxyTransactionManagementConfiguration$$EnhancerBySpringCGLIB$$eb1acf86] is not eligible for getting processed by all BeanPostProcessors (for example: not eligible for auto-proxying)
2018-06-10 23:15:37.794 [main] INFO  o.s.c.s.PostProcessorRegistrationDelegate$BeanPostProcessorChecker - Bean 'authorizationAttributeSourceAdvisor' of type [org.apache.shiro.spring.security.interceptor.AuthorizationAttributeSourceAdvisor] is not eligible for getting processed by all BeanPostProcessors (for example: not eligible for auto-proxying)
2018-06-10 23:15:38.042 [main] INFO  o.s.boot.web.embedded.tomcat.TomcatWebServer - Tomcat initialized with port(s): 9001 (http)
2018-06-10 23:15:38.053 [main] INFO  org.apache.coyote.http11.Http11NioProtocol - Initializing ProtocolHandler ["http-nio-9001"]
2018-06-10 23:15:38.062 [main] INFO  org.apache.catalina.core.StandardService - Starting service [Tomcat]
2018-06-10 23:15:38.062 [main] INFO  org.apache.catalina.core.StandardEngine - Starting Servlet Engine: Apache Tomcat/8.5.31
2018-06-10 23:15:38.065 [localhost-startStop-1] INFO  org.apache.catalina.core.AprLifecycleListener - The APR based Apache Tomcat Native library which allows optimal performance in production environments was not found on the java.library.path: [E:\SoftwareInstallation\Java\jdk1.8.0_111\bin;C:\Windows\Sun\Java\bin;C:\Windows\system32;C:\Windows;C:\Windows\system32;C:\Windows;C:\Windows\System32\Wbem;C:\Windows\System32\WindowsPowerShell\v1.0\;C:\Windows\System32\OpenSSH\;C:\Program Files (x86)\NVIDIA Corporation\PhysX\Common;E:\SoftwareInstallation\Git\cmd;E:\SoftwareInstallation\node\;E:\SoftwareInstallation\Java\jdk1.8.0_111\bin;C:\Program Files\TortoiseSVN\bin;C:\Users\97645\AppData\Local\Microsoft\WindowsApps;C:\Users\97645\AppData\Roaming\npm;.]
2018-06-10 23:15:38.144 [localhost-startStop-1] INFO  o.a.c.core.ContainerBase.[Tomcat].[localhost].[/] - Initializing Spring embedded WebApplicationContext
2018-06-10 23:15:38.144 [localhost-startStop-1] INFO  org.springframework.web.context.ContextLoader - Root WebApplicationContext: initialization completed in 1546 ms
2018-06-10 23:15:38.296 [localhost-startStop-1] INFO  o.s.boot.web.servlet.ServletRegistrationBean - Servlet dispatcherServlet mapped to [/]
2018-06-10 23:15:38.301 [localhost-startStop-1] INFO  o.s.boot.web.servlet.FilterRegistrationBean - Mapping filter: 'characterEncodingFilter' to: [/*]
2018-06-10 23:15:38.301 [localhost-startStop-1] INFO  o.s.boot.web.servlet.FilterRegistrationBean - Mapping filter: 'hiddenHttpMethodFilter' to: [/*]
2018-06-10 23:15:38.302 [localhost-startStop-1] INFO  o.s.boot.web.servlet.FilterRegistrationBean - Mapping filter: 'httpPutFormContentFilter' to: [/*]
2018-06-10 23:15:38.302 [localhost-startStop-1] INFO  o.s.boot.web.servlet.FilterRegistrationBean - Mapping filter: 'requestContextFilter' to: [/*]
2018-06-10 23:15:38.302 [localhost-startStop-1] INFO  o.s.boot.web.servlet.FilterRegistrationBean - Mapping filter: 'shirFilter' to: [/*]
2018-06-10 23:15:39.257 [main] INFO  o.s.w.s.m.m.a.RequestMappingHandlerMapping - Mapped "{[/sysgroup/add],methods=[POST]}" onto public com.wy.integration.utils.ResPonseUtils.RestfulApiResponse<java.lang.Integer> com.wy.integration.web.SysGroupController.add(com.wy.integration.model.SysGroup)
2018-06-10 23:15:39.258 [main] INFO  o.s.w.s.m.m.a.RequestMappingHandlerMapping - Mapped "{[/sysgroup/update],methods=[PUT]}" onto public com.wy.integration.utils.ResPonseUtils.RestfulApiResponse<java.lang.Integer> com.wy.integration.web.SysGroupController.update(com.wy.integration.model.SysGroup)
2018-06-10 23:15:39.258 [main] INFO  o.s.w.s.m.m.a.RequestMappingHandlerMapping - Mapped "{[/sysgroup/delete],methods=[DELETE]}" onto public com.wy.integration.utils.ResPonseUtils.RestfulApiResponse<java.lang.Integer> com.wy.integration.web.SysGroupController.delete(java.lang.String)
2018-06-10 23:15:39.258 [main] INFO  o.s.w.s.m.m.a.RequestMappingHandlerMapping - Mapped "{[/sysgroup/list],methods=[GET]}" onto public com.wy.integration.utils.ResPonseUtils.RestfulApiResponse<com.github.pagehelper.PageInfo> com.wy.integration.web.SysGroupController.list(java.lang.Integer,java.lang.Integer)
2018-06-10 23:15:39.258 [main] INFO  o.s.w.s.m.m.a.RequestMappingHandlerMapping - Mapped "{[/sysgroup/detail],methods=[GET]}" onto public com.wy.integration.utils.ResPonseUtils.RestfulApiResponse<com.wy.integration.model.SysGroup> com.wy.integration.web.SysGroupController.detail(java.lang.Integer)
2018-06-10 23:15:39.260 [main] INFO  o.s.w.s.m.m.a.RequestMappingHandlerMapping - Mapped "{[/syslog/add],methods=[POST]}" onto public com.wy.integration.utils.ResPonseUtils.RestfulApiResponse<java.lang.Integer> com.wy.integration.web.SysLogController.add(com.wy.integration.model.SysLog)
2018-06-10 23:15:39.260 [main] INFO  o.s.w.s.m.m.a.RequestMappingHandlerMapping - Mapped "{[/syslog/update],methods=[PUT]}" onto public com.wy.integration.utils.ResPonseUtils.RestfulApiResponse<java.lang.Integer> com.wy.integration.web.SysLogController.update(com.wy.integration.model.SysLog)
2018-06-10 23:15:39.260 [main] INFO  o.s.w.s.m.m.a.RequestMappingHandlerMapping - Mapped "{[/syslog/delete],methods=[DELETE]}" onto public com.wy.integration.utils.ResPonseUtils.RestfulApiResponse<java.lang.Integer> com.wy.integration.web.SysLogController.delete(java.lang.String)
2018-06-10 23:15:39.261 [main] INFO  o.s.w.s.m.m.a.RequestMappingHandlerMapping - Mapped "{[/syslog/list],methods=[GET]}" onto public com.wy.integration.utils.ResPonseUtils.RestfulApiResponse<com.github.pagehelper.PageInfo> com.wy.integration.web.SysLogController.list(java.lang.Integer,java.lang.Integer)
2018-06-10 23:15:39.261 [main] INFO  o.s.w.s.m.m.a.RequestMappingHandlerMapping - Mapped "{[/syslog/detail],methods=[GET]}" onto public com.wy.integration.utils.ResPonseUtils.RestfulApiResponse<com.wy.integration.model.SysLog> com.wy.integration.web.SysLogController.detail(java.lang.Integer)
2018-06-10 23:15:39.262 [main] INFO  o.s.w.s.m.m.a.RequestMappingHandlerMapping - Mapped "{[/sysmenu/add],methods=[POST]}" onto public com.wy.integration.utils.ResPonseUtils.RestfulApiResponse<java.lang.Integer> com.wy.integration.web.SysMenuController.add(com.wy.integration.model.SysMenu)
2018-06-10 23:15:39.262 [main] INFO  o.s.w.s.m.m.a.RequestMappingHandlerMapping - Mapped "{[/sysmenu/update],methods=[PUT]}" onto public com.wy.integration.utils.ResPonseUtils.RestfulApiResponse<java.lang.Integer> com.wy.integration.web.SysMenuController.update(com.wy.integration.model.SysMenu)
2018-06-10 23:15:39.262 [main] INFO  o.s.w.s.m.m.a.RequestMappingHandlerMapping - Mapped "{[/sysmenu/delete],methods=[DELETE]}" onto public com.wy.integration.utils.ResPonseUtils.RestfulApiResponse<java.lang.Integer> com.wy.integration.web.SysMenuController.delete(java.lang.String)
2018-06-10 23:15:39.263 [main] INFO  o.s.w.s.m.m.a.RequestMappingHandlerMapping - Mapped "{[/sysmenu/list],methods=[GET]}" onto public com.wy.integration.utils.ResPonseUtils.RestfulApiResponse<com.github.pagehelper.PageInfo> com.wy.integration.web.SysMenuController.list(java.lang.Integer,java.lang.Integer)
2018-06-10 23:15:39.263 [main] INFO  o.s.w.s.m.m.a.RequestMappingHandlerMapping - Mapped "{[/sysmenu/detail],methods=[GET]}" onto public com.wy.integration.utils.ResPonseUtils.RestfulApiResponse<com.wy.integration.model.SysMenu> com.wy.integration.web.SysMenuController.detail(java.lang.Integer)
2018-06-10 23:15:39.266 [main] INFO  o.s.w.s.m.m.a.RequestMappingHandlerMapping - Mapped "{[/sysrole/add],methods=[POST]}" onto public com.wy.integration.utils.ResPonseUtils.RestfulApiResponse<java.lang.Integer> com.wy.integration.web.SysRoleController.add(com.wy.integration.model.SysRole)
2018-06-10 23:15:39.266 [main] INFO  o.s.w.s.m.m.a.RequestMappingHandlerMapping - Mapped "{[/sysrole/update],methods=[PUT]}" onto public com.wy.integration.utils.ResPonseUtils.RestfulApiResponse<java.lang.Integer> com.wy.integration.web.SysRoleController.update(com.wy.integration.model.SysRole)
2018-06-10 23:15:39.266 [main] INFO  o.s.w.s.m.m.a.RequestMappingHandlerMapping - Mapped "{[/sysrole/delete],methods=[DELETE]}" onto public com.wy.integration.utils.ResPonseUtils.RestfulApiResponse<java.lang.Integer> com.wy.integration.web.SysRoleController.delete(java.lang.String)
2018-06-10 23:15:39.266 [main] INFO  o.s.w.s.m.m.a.RequestMappingHandlerMapping - Mapped "{[/sysrole/list],methods=[GET]}" onto public com.wy.integration.utils.ResPonseUtils.RestfulApiResponse<com.github.pagehelper.PageInfo> com.wy.integration.web.SysRoleController.list(java.lang.Integer,java.lang.Integer)
2018-06-10 23:15:39.267 [main] INFO  o.s.w.s.m.m.a.RequestMappingHandlerMapping - Mapped "{[/sysrole/detail],methods=[GET]}" onto public com.wy.integration.utils.ResPonseUtils.RestfulApiResponse<com.wy.integration.model.SysRole> com.wy.integration.web.SysRoleController.detail(java.lang.Integer)
2018-06-10 23:15:39.267 [main] INFO  o.s.w.s.m.m.a.RequestMappingHandlerMapping - Mapped "{[/sysuser/add],methods=[POST]}" onto public com.wy.integration.utils.ResPonseUtils.RestfulApiResponse<java.lang.Integer> com.wy.integration.web.SysUserController.add(com.wy.integration.model.SysUser)
2018-06-10 23:15:39.268 [main] INFO  o.s.w.s.m.m.a.RequestMappingHandlerMapping - Mapped "{[/sysuser/update],methods=[PUT]}" onto public com.wy.integration.utils.ResPonseUtils.RestfulApiResponse<java.lang.Integer> com.wy.integration.web.SysUserController.update(com.wy.integration.model.SysUser)
2018-06-10 23:15:39.268 [main] INFO  o.s.w.s.m.m.a.RequestMappingHandlerMapping - Mapped "{[/sysuser/delete],methods=[DELETE]}" onto public com.wy.integration.utils.ResPonseUtils.RestfulApiResponse<java.lang.Integer> com.wy.integration.web.SysUserController.delete(java.lang.String)
2018-06-10 23:15:39.268 [main] INFO  o.s.w.s.m.m.a.RequestMappingHandlerMapping - Mapped "{[/sysuser/list],methods=[GET]}" onto public com.wy.integration.utils.ResPonseUtils.RestfulApiResponse<com.github.pagehelper.PageInfo> com.wy.integration.web.SysUserController.list(java.lang.Integer,java.lang.Integer)
2018-06-10 23:15:39.268 [main] INFO  o.s.w.s.m.m.a.RequestMappingHandlerMapping - Mapped "{[/sysuser/detail],methods=[GET]}" onto public com.wy.integration.utils.ResPonseUtils.RestfulApiResponse<com.wy.integration.model.SysUser> com.wy.integration.web.SysUserController.detail(java.lang.Integer)
2018-06-10 23:15:39.269 [main] INFO  o.s.w.s.m.m.a.RequestMappingHandlerMapping - Mapped "{[/v2/api-docs],methods=[GET],produces=[application/json || application/hal+json]}" onto public org.springframework.http.ResponseEntity<springfox.documentation.spring.web.json.Json> springfox.documentation.swagger2.web.Swagger2Controller.getDocumentation(java.lang.String,javax.servlet.http.HttpServletRequest)
2018-06-10 23:15:39.272 [main] INFO  o.s.w.s.m.m.a.RequestMappingHandlerMapping - Mapped "{[/swagger-resources/configuration/ui]}" onto org.springframework.http.ResponseEntity<springfox.documentation.swagger.web.UiConfiguration> springfox.documentation.swagger.web.ApiResourceController.uiConfiguration()
2018-06-10 23:15:39.272 [main] INFO  o.s.w.s.m.m.a.RequestMappingHandlerMapping - Mapped "{[/swagger-resources]}" onto org.springframework.http.ResponseEntity<java.util.List<springfox.documentation.swagger.web.SwaggerResource>> springfox.documentation.swagger.web.ApiResourceController.swaggerResources()
2018-06-10 23:15:39.273 [main] INFO  o.s.w.s.m.m.a.RequestMappingHandlerMapping - Mapped "{[/swagger-resources/configuration/security]}" onto org.springframework.http.ResponseEntity<springfox.documentation.swagger.web.SecurityConfiguration> springfox.documentation.swagger.web.ApiResourceController.securityConfiguration()
2018-06-10 23:15:39.275 [main] INFO  o.s.w.s.m.m.a.RequestMappingHandlerMapping - Mapped "{[/error]}" onto public org.springframework.http.ResponseEntity<java.util.Map<java.lang.String, java.lang.Object>> org.springframework.boot.autoconfigure.web.servlet.error.BasicErrorController.error(javax.servlet.http.HttpServletRequest)
2018-06-10 23:15:39.276 [main] INFO  o.s.w.s.m.m.a.RequestMappingHandlerMapping - Mapped "{[/error],produces=[text/html]}" onto public org.springframework.web.servlet.ModelAndView org.springframework.boot.autoconfigure.web.servlet.error.BasicErrorController.errorHtml(javax.servlet.http.HttpServletRequest,javax.servlet.http.HttpServletResponse)
2018-06-10 23:15:39.433 [main] INFO  o.s.web.servlet.handler.SimpleUrlHandlerMapping - Mapped URL path [/**/favicon.ico] onto handler of type [class org.springframework.web.servlet.resource.ResourceHttpRequestHandler]
2018-06-10 23:15:39.619 [main] INFO  o.s.w.s.m.m.a.RequestMappingHandlerAdapter - Looking for @ControllerAdvice: org.springframework.boot.web.servlet.context.AnnotationConfigServletWebServerApplicationContext@4e423aa2: startup date [Sun Jun 10 23:15:36 CST 2018]; root of context hierarchy
2018-06-10 23:15:39.685 [main] INFO  o.s.web.servlet.handler.SimpleUrlHandlerMapping - Mapped URL path [/webjars/**] onto handler of type [class org.springframework.web.servlet.resource.ResourceHttpRequestHandler]
2018-06-10 23:15:39.685 [main] INFO  o.s.web.servlet.handler.SimpleUrlHandlerMapping - Mapped URL path [/**] onto handler of type [class org.springframework.web.servlet.resource.ResourceHttpRequestHandler]
2018-06-10 23:15:39.956 [main] INFO  o.s.jmx.export.annotation.AnnotationMBeanExporter - Registering beans for JMX exposure on startup
2018-06-10 23:15:39.958 [main] INFO  o.s.jmx.export.annotation.AnnotationMBeanExporter - Bean with name 'dataSource' has been autodetected for JMX exposure
2018-06-10 23:15:39.963 [main] INFO  o.s.jmx.export.annotation.AnnotationMBeanExporter - Located MBean 'dataSource': registering with JMX server as MBean [com.alibaba.druid.pool:name=dataSource,type=DruidDataSource]
2018-06-10 23:15:39.967 [main] INFO  o.s.context.support.DefaultLifecycleProcessor - Starting beans in phase 2147483647
2018-06-10 23:15:39.968 [main] INFO  s.d.s.web.plugins.DocumentationPluginsBootstrapper - Context refreshed
2018-06-10 23:15:39.983 [main] INFO  s.d.s.web.plugins.DocumentationPluginsBootstrapper - Found 1 custom documentation plugin(s)
2018-06-10 23:15:39.995 [main] INFO  s.d.spring.web.scanners.ApiListingReferenceScanner - Scanning for api listing references
2018-06-10 23:15:40.227 [main] INFO  s.d.s.w.r.operation.CachingOperationNameGenerator - Generating unique operation named: addUsingPOST_1
2018-06-10 23:15:40.232 [main] INFO  s.d.s.w.r.operation.CachingOperationNameGenerator - Generating unique operation named: deleteUsingDELETE_1
2018-06-10 23:15:40.242 [main] INFO  s.d.s.w.r.operation.CachingOperationNameGenerator - Generating unique operation named: detailUsingGET_1
2018-06-10 23:15:40.247 [main] INFO  s.d.s.w.r.operation.CachingOperationNameGenerator - Generating unique operation named: listUsingGET_1
2018-06-10 23:15:40.252 [main] INFO  s.d.s.w.r.operation.CachingOperationNameGenerator - Generating unique operation named: updateUsingPUT_1
2018-06-10 23:15:40.257 [main] INFO  s.d.s.w.r.operation.CachingOperationNameGenerator - Generating unique operation named: addUsingPOST_2
2018-06-10 23:15:40.262 [main] INFO  s.d.s.w.r.operation.CachingOperationNameGenerator - Generating unique operation named: deleteUsingDELETE_2
2018-06-10 23:15:40.270 [main] INFO  s.d.s.w.r.operation.CachingOperationNameGenerator - Generating unique operation named: detailUsingGET_2
2018-06-10 23:15:40.275 [main] INFO  s.d.s.w.r.operation.CachingOperationNameGenerator - Generating unique operation named: listUsingGET_2
2018-06-10 23:15:40.279 [main] INFO  s.d.s.w.r.operation.CachingOperationNameGenerator - Generating unique operation named: updateUsingPUT_2
2018-06-10 23:15:40.284 [main] INFO  s.d.s.w.r.operation.CachingOperationNameGenerator - Generating unique operation named: addUsingPOST_3
2018-06-10 23:15:40.288 [main] INFO  s.d.s.w.r.operation.CachingOperationNameGenerator - Generating unique operation named: deleteUsingDELETE_3
2018-06-10 23:15:40.295 [main] INFO  s.d.s.w.r.operation.CachingOperationNameGenerator - Generating unique operation named: detailUsingGET_3
2018-06-10 23:15:40.301 [main] INFO  s.d.s.w.r.operation.CachingOperationNameGenerator - Generating unique operation named: listUsingGET_3
2018-06-10 23:15:40.305 [main] INFO  s.d.s.w.r.operation.CachingOperationNameGenerator - Generating unique operation named: updateUsingPUT_3
2018-06-10 23:15:40.309 [main] INFO  s.d.s.w.r.operation.CachingOperationNameGenerator - Generating unique operation named: addUsingPOST_4
2018-06-10 23:15:40.313 [main] INFO  s.d.s.w.r.operation.CachingOperationNameGenerator - Generating unique operation named: deleteUsingDELETE_4
2018-06-10 23:15:40.322 [main] INFO  s.d.s.w.r.operation.CachingOperationNameGenerator - Generating unique operation named: detailUsingGET_4
2018-06-10 23:15:40.326 [main] INFO  s.d.s.w.r.operation.CachingOperationNameGenerator - Generating unique operation named: listUsingGET_4
2018-06-10 23:15:40.330 [main] INFO  s.d.s.w.r.operation.CachingOperationNameGenerator - Generating unique operation named: updateUsingPUT_4
2018-06-10 23:15:40.346 [main] INFO  org.apache.coyote.http11.Http11NioProtocol - Starting ProtocolHandler ["http-nio-9001"]
2018-06-10 23:15:40.355 [main] INFO  org.apache.tomcat.util.net.NioSelectorPool - Using a shared selector for servlet write/read
2018-06-10 23:15:40.367 [main] INFO  o.s.boot.web.embedded.tomcat.TomcatWebServer - Tomcat started on port(s): 9001 (http) with context path ''
2018-06-10 23:15:40.370 [main] INFO  com.wy.integration.ZxcApplication - Started ZxcApplication in 4.117 seconds (JVM running for 4.828)
2018-06-10 23:16:51.038 [main] INFO  com.wy.integration.ZxcApplication - Starting ZxcApplication on DESKTOP-MEILE45 with PID 13804 (E:\CodeManager\AdminFunction\target\classes started by 97645 in E:\CodeManager\AdminFunction)
2018-06-10 23:16:51.042 [main] INFO  com.wy.integration.ZxcApplication - The following profiles are active: dev
2018-06-10 23:16:51.091 [main] INFO  o.s.b.w.s.c.AnnotationConfigServletWebServerApplicationContext - Refreshing org.springframework.boot.web.servlet.context.AnnotationConfigServletWebServerApplicationContext@4e423aa2: startup date [Sun Jun 10 23:16:51 CST 2018]; root of context hierarchy
2018-06-10 23:16:51.633 [main] INFO  o.s.b.factory.support.DefaultListableBeanFactory - Overriding bean definition for bean 'userRealm' with a different definition: replacing [Generic bean: class [com.wy.integration.configurer.shiro.UserRealm]; scope=singleton; abstract=false; lazyInit=false; autowireMode=0; dependencyCheck=0; autowireCandidate=true; primary=false; factoryBeanName=null; factoryMethodName=null; initMethodName=null; destroyMethodName=null; defined in file [E:\CodeManager\AdminFunction\target\classes\com\wy\integration\configurer\shiro\UserRealm.class]] with [Root bean: class [null]; scope=; abstract=false; lazyInit=false; autowireMode=3; dependencyCheck=0; autowireCandidate=true; primary=false; factoryBeanName=shiroConfig; factoryMethodName=userRealm; initMethodName=null; destroyMethodName=(inferred); defined in class path resource [com/wy/integration/configurer/shiro/ShiroConfig.class]]
2018-06-10 23:16:51.786 [main] WARN  o.s.c.annotation.ConfigurationClassPostProcessor - Cannot enhance @Configuration bean definition 'mybatisConfigurer' since its singleton instance has been created too early. The typical cause is a non-static @Bean method with a BeanDefinitionRegistryPostProcessor return type: Consider declaring such methods as 'static'.
2018-06-10 23:16:51.936 [main] INFO  o.s.c.s.PostProcessorRegistrationDelegate$BeanPostProcessorChecker - Bean 'shiroConfig' of type [com.wy.integration.configurer.shiro.ShiroConfig$$EnhancerBySpringCGLIB$$e01953fa] is not eligible for getting processed by all BeanPostProcessors (for example: not eligible for auto-proxying)
2018-06-10 23:16:52.188 [main] INFO  org.apache.shiro.realm.AuthorizingRealm - No cache or cacheManager properties have been set.  Authorization cache cannot be obtained.
2018-06-10 23:16:52.188 [main] INFO  o.s.c.s.PostProcessorRegistrationDelegate$BeanPostProcessorChecker - Bean 'userRealm' of type [com.wy.integration.configurer.shiro.UserRealm] is not eligible for getting processed by all BeanPostProcessors (for example: not eligible for auto-proxying)
2018-06-10 23:16:52.198 [main] INFO  o.s.c.s.PostProcessorRegistrationDelegate$BeanPostProcessorChecker - Bean 'securityManager' of type [org.apache.shiro.web.mgt.DefaultWebSecurityManager] is not eligible for getting processed by all BeanPostProcessors (for example: not eligible for auto-proxying)
2018-06-10 23:16:52.239 [main] INFO  o.s.c.s.PostProcessorRegistrationDelegate$BeanPostProcessorChecker - Bean 'org.springframework.transaction.annotation.ProxyTransactionManagementConfiguration' of type [org.springframework.transaction.annotation.ProxyTransactionManagementConfiguration$$EnhancerBySpringCGLIB$$e428c4a8] is not eligible for getting processed by all BeanPostProcessors (for example: not eligible for auto-proxying)
2018-06-10 23:16:52.252 [main] INFO  o.s.c.s.PostProcessorRegistrationDelegate$BeanPostProcessorChecker - Bean 'authorizationAttributeSourceAdvisor' of type [org.apache.shiro.spring.security.interceptor.AuthorizationAttributeSourceAdvisor] is not eligible for getting processed by all BeanPostProcessors (for example: not eligible for auto-proxying)
2018-06-10 23:16:52.490 [main] INFO  o.s.boot.web.embedded.tomcat.TomcatWebServer - Tomcat initialized with port(s): 9001 (http)
2018-06-10 23:16:52.500 [main] INFO  org.apache.coyote.http11.Http11NioProtocol - Initializing ProtocolHandler ["http-nio-9001"]
2018-06-10 23:16:52.509 [main] INFO  org.apache.catalina.core.StandardService - Starting service [Tomcat]
2018-06-10 23:16:52.509 [main] INFO  org.apache.catalina.core.StandardEngine - Starting Servlet Engine: Apache Tomcat/8.5.31
2018-06-10 23:16:52.512 [localhost-startStop-1] INFO  org.apache.catalina.core.AprLifecycleListener - The APR based Apache Tomcat Native library which allows optimal performance in production environments was not found on the java.library.path: [E:\SoftwareInstallation\Java\jdk1.8.0_111\bin;C:\Windows\Sun\Java\bin;C:\Windows\system32;C:\Windows;C:\Windows\system32;C:\Windows;C:\Windows\System32\Wbem;C:\Windows\System32\WindowsPowerShell\v1.0\;C:\Windows\System32\OpenSSH\;C:\Program Files (x86)\NVIDIA Corporation\PhysX\Common;E:\SoftwareInstallation\Git\cmd;E:\SoftwareInstallation\node\;E:\SoftwareInstallation\Java\jdk1.8.0_111\bin;C:\Program Files\TortoiseSVN\bin;C:\Users\97645\AppData\Local\Microsoft\WindowsApps;C:\Users\97645\AppData\Roaming\npm;.]
2018-06-10 23:16:52.594 [localhost-startStop-1] INFO  o.a.c.core.ContainerBase.[Tomcat].[localhost].[/] - Initializing Spring embedded WebApplicationContext
2018-06-10 23:16:52.594 [localhost-startStop-1] INFO  org.springframework.web.context.ContextLoader - Root WebApplicationContext: initialization completed in 1503 ms
2018-06-10 23:16:52.753 [localhost-startStop-1] INFO  o.s.boot.web.servlet.ServletRegistrationBean - Servlet dispatcherServlet mapped to [/]
2018-06-10 23:16:52.758 [localhost-startStop-1] INFO  o.s.boot.web.servlet.FilterRegistrationBean - Mapping filter: 'characterEncodingFilter' to: [/*]
2018-06-10 23:16:52.758 [localhost-startStop-1] INFO  o.s.boot.web.servlet.FilterRegistrationBean - Mapping filter: 'hiddenHttpMethodFilter' to: [/*]
2018-06-10 23:16:52.758 [localhost-startStop-1] INFO  o.s.boot.web.servlet.FilterRegistrationBean - Mapping filter: 'httpPutFormContentFilter' to: [/*]
2018-06-10 23:16:52.758 [localhost-startStop-1] INFO  o.s.boot.web.servlet.FilterRegistrationBean - Mapping filter: 'requestContextFilter' to: [/*]
2018-06-10 23:16:52.758 [localhost-startStop-1] INFO  o.s.boot.web.servlet.FilterRegistrationBean - Mapping filter: 'shirFilter' to: [/*]
2018-06-10 23:16:53.706 [main] INFO  o.s.w.s.m.m.a.RequestMappingHandlerMapping - Mapped "{[/sysgroup/add],methods=[POST]}" onto public com.wy.integration.utils.ResPonseUtils.RestfulApiResponse<java.lang.Integer> com.wy.integration.web.SysGroupController.add(com.wy.integration.model.SysGroup)
2018-06-10 23:16:53.707 [main] INFO  o.s.w.s.m.m.a.RequestMappingHandlerMapping - Mapped "{[/sysgroup/update],methods=[PUT]}" onto public com.wy.integration.utils.ResPonseUtils.RestfulApiResponse<java.lang.Integer> com.wy.integration.web.SysGroupController.update(com.wy.integration.model.SysGroup)
2018-06-10 23:16:53.707 [main] INFO  o.s.w.s.m.m.a.RequestMappingHandlerMapping - Mapped "{[/sysgroup/delete],methods=[DELETE]}" onto public com.wy.integration.utils.ResPonseUtils.RestfulApiResponse<java.lang.Integer> com.wy.integration.web.SysGroupController.delete(java.lang.String)
2018-06-10 23:16:53.707 [main] INFO  o.s.w.s.m.m.a.RequestMappingHandlerMapping - Mapped "{[/sysgroup/list],methods=[GET]}" onto public com.wy.integration.utils.ResPonseUtils.RestfulApiResponse<com.github.pagehelper.PageInfo> com.wy.integration.web.SysGroupController.list(java.lang.Integer,java.lang.Integer)
2018-06-10 23:16:53.707 [main] INFO  o.s.w.s.m.m.a.RequestMappingHandlerMapping - Mapped "{[/sysgroup/detail],methods=[GET]}" onto public com.wy.integration.utils.ResPonseUtils.RestfulApiResponse<com.wy.integration.model.SysGroup> com.wy.integration.web.SysGroupController.detail(java.lang.Integer)
2018-06-10 23:16:53.709 [main] INFO  o.s.w.s.m.m.a.RequestMappingHandlerMapping - Mapped "{[/syslog/add],methods=[POST]}" onto public com.wy.integration.utils.ResPonseUtils.RestfulApiResponse<java.lang.Integer> com.wy.integration.web.SysLogController.add(com.wy.integration.model.SysLog)
2018-06-10 23:16:53.709 [main] INFO  o.s.w.s.m.m.a.RequestMappingHandlerMapping - Mapped "{[/syslog/update],methods=[PUT]}" onto public com.wy.integration.utils.ResPonseUtils.RestfulApiResponse<java.lang.Integer> com.wy.integration.web.SysLogController.update(com.wy.integration.model.SysLog)
2018-06-10 23:16:53.710 [main] INFO  o.s.w.s.m.m.a.RequestMappingHandlerMapping - Mapped "{[/syslog/delete],methods=[DELETE]}" onto public com.wy.integration.utils.ResPonseUtils.RestfulApiResponse<java.lang.Integer> com.wy.integration.web.SysLogController.delete(java.lang.String)
2018-06-10 23:16:53.710 [main] INFO  o.s.w.s.m.m.a.RequestMappingHandlerMapping - Mapped "{[/syslog/list],methods=[GET]}" onto public com.wy.integration.utils.ResPonseUtils.RestfulApiResponse<com.github.pagehelper.PageInfo> com.wy.integration.web.SysLogController.list(java.lang.Integer,java.lang.Integer)
2018-06-10 23:16:53.710 [main] INFO  o.s.w.s.m.m.a.RequestMappingHandlerMapping - Mapped "{[/syslog/detail],methods=[GET]}" onto public com.wy.integration.utils.ResPonseUtils.RestfulApiResponse<com.wy.integration.model.SysLog> com.wy.integration.web.SysLogController.detail(java.lang.Integer)
2018-06-10 23:16:53.711 [main] INFO  o.s.w.s.m.m.a.RequestMappingHandlerMapping - Mapped "{[/sysmenu/add],methods=[POST]}" onto public com.wy.integration.utils.ResPonseUtils.RestfulApiResponse<java.lang.Integer> com.wy.integration.web.SysMenuController.add(com.wy.integration.model.SysMenu)
2018-06-10 23:16:53.712 [main] INFO  o.s.w.s.m.m.a.RequestMappingHandlerMapping - Mapped "{[/sysmenu/update],methods=[PUT]}" onto public com.wy.integration.utils.ResPonseUtils.RestfulApiResponse<java.lang.Integer> com.wy.integration.web.SysMenuController.update(com.wy.integration.model.SysMenu)
2018-06-10 23:16:53.712 [main] INFO  o.s.w.s.m.m.a.RequestMappingHandlerMapping - Mapped "{[/sysmenu/delete],methods=[DELETE]}" onto public com.wy.integration.utils.ResPonseUtils.RestfulApiResponse<java.lang.Integer> com.wy.integration.web.SysMenuController.delete(java.lang.String)
2018-06-10 23:16:53.712 [main] INFO  o.s.w.s.m.m.a.RequestMappingHandlerMapping - Mapped "{[/sysmenu/list],methods=[GET]}" onto public com.wy.integration.utils.ResPonseUtils.RestfulApiResponse<com.github.pagehelper.PageInfo> com.wy.integration.web.SysMenuController.list(java.lang.Integer,java.lang.Integer)
2018-06-10 23:16:53.712 [main] INFO  o.s.w.s.m.m.a.RequestMappingHandlerMapping - Mapped "{[/sysmenu/detail],methods=[GET]}" onto public com.wy.integration.utils.ResPonseUtils.RestfulApiResponse<com.wy.integration.model.SysMenu> com.wy.integration.web.SysMenuController.detail(java.lang.Integer)
2018-06-10 23:16:53.716 [main] INFO  o.s.w.s.m.m.a.RequestMappingHandlerMapping - Mapped "{[/sysrole/add],methods=[POST]}" onto public com.wy.integration.utils.ResPonseUtils.RestfulApiResponse<java.lang.Integer> com.wy.integration.web.SysRoleController.add(com.wy.integration.model.SysRole)
2018-06-10 23:16:53.716 [main] INFO  o.s.w.s.m.m.a.RequestMappingHandlerMapping - Mapped "{[/sysrole/update],methods=[PUT]}" onto public com.wy.integration.utils.ResPonseUtils.RestfulApiResponse<java.lang.Integer> com.wy.integration.web.SysRoleController.update(com.wy.integration.model.SysRole)
2018-06-10 23:16:53.716 [main] INFO  o.s.w.s.m.m.a.RequestMappingHandlerMapping - Mapped "{[/sysrole/delete],methods=[DELETE]}" onto public com.wy.integration.utils.ResPonseUtils.RestfulApiResponse<java.lang.Integer> com.wy.integration.web.SysRoleController.delete(java.lang.String)
2018-06-10 23:16:53.717 [main] INFO  o.s.w.s.m.m.a.RequestMappingHandlerMapping - Mapped "{[/sysrole/list],methods=[GET]}" onto public com.wy.integration.utils.ResPonseUtils.RestfulApiResponse<com.github.pagehelper.PageInfo> com.wy.integration.web.SysRoleController.list(java.lang.Integer,java.lang.Integer)
2018-06-10 23:16:53.717 [main] INFO  o.s.w.s.m.m.a.RequestMappingHandlerMapping - Mapped "{[/sysrole/detail],methods=[GET]}" onto public com.wy.integration.utils.ResPonseUtils.RestfulApiResponse<com.wy.integration.model.SysRole> com.wy.integration.web.SysRoleController.detail(java.lang.Integer)
2018-06-10 23:16:53.718 [main] INFO  o.s.w.s.m.m.a.RequestMappingHandlerMapping - Mapped "{[/sysuser/add],methods=[POST]}" onto public com.wy.integration.utils.ResPonseUtils.RestfulApiResponse<java.lang.Integer> com.wy.integration.web.SysUserController.add(com.wy.integration.model.SysUser)
2018-06-10 23:16:53.718 [main] INFO  o.s.w.s.m.m.a.RequestMappingHandlerMapping - Mapped "{[/sysuser/update],methods=[PUT]}" onto public com.wy.integration.utils.ResPonseUtils.RestfulApiResponse<java.lang.Integer> com.wy.integration.web.SysUserController.update(com.wy.integration.model.SysUser)
2018-06-10 23:16:53.718 [main] INFO  o.s.w.s.m.m.a.RequestMappingHandlerMapping - Mapped "{[/sysuser/delete],methods=[DELETE]}" onto public com.wy.integration.utils.ResPonseUtils.RestfulApiResponse<java.lang.Integer> com.wy.integration.web.SysUserController.delete(java.lang.String)
2018-06-10 23:16:53.718 [main] INFO  o.s.w.s.m.m.a.RequestMappingHandlerMapping - Mapped "{[/sysuser/list],methods=[GET]}" onto public com.wy.integration.utils.ResPonseUtils.RestfulApiResponse<com.github.pagehelper.PageInfo> com.wy.integration.web.SysUserController.list(java.lang.Integer,java.lang.Integer)
2018-06-10 23:16:53.719 [main] INFO  o.s.w.s.m.m.a.RequestMappingHandlerMapping - Mapped "{[/sysuser/detail],methods=[GET]}" onto public com.wy.integration.utils.ResPonseUtils.RestfulApiResponse<com.wy.integration.model.SysUser> com.wy.integration.web.SysUserController.detail(java.lang.Integer)
2018-06-10 23:16:53.720 [main] INFO  o.s.w.s.m.m.a.RequestMappingHandlerMapping - Mapped "{[/v2/api-docs],methods=[GET],produces=[application/json || application/hal+json]}" onto public org.springframework.http.ResponseEntity<springfox.documentation.spring.web.json.Json> springfox.documentation.swagger2.web.Swagger2Controller.getDocumentation(java.lang.String,javax.servlet.http.HttpServletRequest)
2018-06-10 23:16:53.722 [main] INFO  o.s.w.s.m.m.a.RequestMappingHandlerMapping - Mapped "{[/swagger-resources/configuration/ui]}" onto org.springframework.http.ResponseEntity<springfox.documentation.swagger.web.UiConfiguration> springfox.documentation.swagger.web.ApiResourceController.uiConfiguration()
2018-06-10 23:16:53.723 [main] INFO  o.s.w.s.m.m.a.RequestMappingHandlerMapping - Mapped "{[/swagger-resources]}" onto org.springframework.http.ResponseEntity<java.util.List<springfox.documentation.swagger.web.SwaggerResource>> springfox.documentation.swagger.web.ApiResourceController.swaggerResources()
2018-06-10 23:16:53.723 [main] INFO  o.s.w.s.m.m.a.RequestMappingHandlerMapping - Mapped "{[/swagger-resources/configuration/security]}" onto org.springframework.http.ResponseEntity<springfox.documentation.swagger.web.SecurityConfiguration> springfox.documentation.swagger.web.ApiResourceController.securityConfiguration()
2018-06-10 23:16:53.726 [main] INFO  o.s.w.s.m.m.a.RequestMappingHandlerMapping - Mapped "{[/error]}" onto public org.springframework.http.ResponseEntity<java.util.Map<java.lang.String, java.lang.Object>> org.springframework.boot.autoconfigure.web.servlet.error.BasicErrorController.error(javax.servlet.http.HttpServletRequest)
2018-06-10 23:16:53.726 [main] INFO  o.s.w.s.m.m.a.RequestMappingHandlerMapping - Mapped "{[/error],produces=[text/html]}" onto public org.springframework.web.servlet.ModelAndView org.springframework.boot.autoconfigure.web.servlet.error.BasicErrorController.errorHtml(javax.servlet.http.HttpServletRequest,javax.servlet.http.HttpServletResponse)
2018-06-10 23:16:53.882 [main] INFO  o.s.web.servlet.handler.SimpleUrlHandlerMapping - Mapped URL path [/**/favicon.ico] onto handler of type [class org.springframework.web.servlet.resource.ResourceHttpRequestHandler]
2018-06-10 23:16:54.071 [main] INFO  o.s.w.s.m.m.a.RequestMappingHandlerAdapter - Looking for @ControllerAdvice: org.springframework.boot.web.servlet.context.AnnotationConfigServletWebServerApplicationContext@4e423aa2: startup date [Sun Jun 10 23:16:51 CST 2018]; root of context hierarchy
2018-06-10 23:16:54.120 [main] INFO  o.s.web.servlet.handler.SimpleUrlHandlerMapping - Mapped URL path [/webjars/**] onto handler of type [class org.springframework.web.servlet.resource.ResourceHttpRequestHandler]
2018-06-10 23:16:54.120 [main] INFO  o.s.web.servlet.handler.SimpleUrlHandlerMapping - Mapped URL path [/**] onto handler of type [class org.springframework.web.servlet.resource.ResourceHttpRequestHandler]
2018-06-10 23:16:54.378 [main] INFO  o.s.jmx.export.annotation.AnnotationMBeanExporter - Registering beans for JMX exposure on startup
2018-06-10 23:16:54.379 [main] INFO  o.s.jmx.export.annotation.AnnotationMBeanExporter - Bean with name 'dataSource' has been autodetected for JMX exposure
2018-06-10 23:16:54.385 [main] INFO  o.s.jmx.export.annotation.AnnotationMBeanExporter - Located MBean 'dataSource': registering with JMX server as MBean [com.alibaba.druid.pool:name=dataSource,type=DruidDataSource]
2018-06-10 23:16:54.389 [main] INFO  o.s.context.support.DefaultLifecycleProcessor - Starting beans in phase 2147483647
2018-06-10 23:16:54.390 [main] INFO  s.d.s.web.plugins.DocumentationPluginsBootstrapper - Context refreshed
2018-06-10 23:16:54.405 [main] INFO  s.d.s.web.plugins.DocumentationPluginsBootstrapper - Found 1 custom documentation plugin(s)
2018-06-10 23:16:54.417 [main] INFO  s.d.spring.web.scanners.ApiListingReferenceScanner - Scanning for api listing references
2018-06-10 23:16:54.642 [main] INFO  s.d.s.w.r.operation.CachingOperationNameGenerator - Generating unique operation named: addUsingPOST_1
2018-06-10 23:16:54.646 [main] INFO  s.d.s.w.r.operation.CachingOperationNameGenerator - Generating unique operation named: deleteUsingDELETE_1
2018-06-10 23:16:54.658 [main] INFO  s.d.s.w.r.operation.CachingOperationNameGenerator - Generating unique operation named: detailUsingGET_1
2018-06-10 23:16:54.663 [main] INFO  s.d.s.w.r.operation.CachingOperationNameGenerator - Generating unique operation named: listUsingGET_1
2018-06-10 23:16:54.671 [main] INFO  s.d.s.w.r.operation.CachingOperationNameGenerator - Generating unique operation named: updateUsingPUT_1
2018-06-10 23:16:54.676 [main] INFO  s.d.s.w.r.operation.CachingOperationNameGenerator - Generating unique operation named: addUsingPOST_2
2018-06-10 23:16:54.681 [main] INFO  s.d.s.w.r.operation.CachingOperationNameGenerator - Generating unique operation named: deleteUsingDELETE_2
2018-06-10 23:16:54.689 [main] INFO  s.d.s.w.r.operation.CachingOperationNameGenerator - Generating unique operation named: detailUsingGET_2
2018-06-10 23:16:54.694 [main] INFO  s.d.s.w.r.operation.CachingOperationNameGenerator - Generating unique operation named: listUsingGET_2
2018-06-10 23:16:54.698 [main] INFO  s.d.s.w.r.operation.CachingOperationNameGenerator - Generating unique operation named: updateUsingPUT_2
2018-06-10 23:16:54.704 [main] INFO  s.d.s.w.r.operation.CachingOperationNameGenerator - Generating unique operation named: addUsingPOST_3
2018-06-10 23:16:54.708 [main] INFO  s.d.s.w.r.operation.CachingOperationNameGenerator - Generating unique operation named: deleteUsingDELETE_3
2018-06-10 23:16:54.715 [main] INFO  s.d.s.w.r.operation.CachingOperationNameGenerator - Generating unique operation named: detailUsingGET_3
2018-06-10 23:16:54.720 [main] INFO  s.d.s.w.r.operation.CachingOperationNameGenerator - Generating unique operation named: listUsingGET_3
2018-06-10 23:16:54.724 [main] INFO  s.d.s.w.r.operation.CachingOperationNameGenerator - Generating unique operation named: updateUsingPUT_3
2018-06-10 23:16:54.729 [main] INFO  s.d.s.w.r.operation.CachingOperationNameGenerator - Generating unique operation named: addUsingPOST_4
2018-06-10 23:16:54.732 [main] INFO  s.d.s.w.r.operation.CachingOperationNameGenerator - Generating unique operation named: deleteUsingDELETE_4
2018-06-10 23:16:54.741 [main] INFO  s.d.s.w.r.operation.CachingOperationNameGenerator - Generating unique operation named: detailUsingGET_4
2018-06-10 23:16:54.745 [main] INFO  s.d.s.w.r.operation.CachingOperationNameGenerator - Generating unique operation named: listUsingGET_4
2018-06-10 23:16:54.749 [main] INFO  s.d.s.w.r.operation.CachingOperationNameGenerator - Generating unique operation named: updateUsingPUT_4
2018-06-10 23:16:54.766 [main] INFO  org.apache.coyote.http11.Http11NioProtocol - Starting ProtocolHandler ["http-nio-9001"]
2018-06-10 23:16:54.775 [main] INFO  org.apache.tomcat.util.net.NioSelectorPool - Using a shared selector for servlet write/read
2018-06-10 23:16:54.788 [main] INFO  o.s.boot.web.embedded.tomcat.TomcatWebServer - Tomcat started on port(s): 9001 (http) with context path ''
2018-06-10 23:16:54.792 [main] INFO  com.wy.integration.ZxcApplication - Started ZxcApplication in 4.039 seconds (JVM running for 4.779)
2018-06-10 23:17:45.211 [http-nio-9001-exec-1] INFO  o.a.c.core.ContainerBase.[Tomcat].[localhost].[/] - Initializing Spring FrameworkServlet 'dispatcherServlet'
2018-06-10 23:17:45.212 [http-nio-9001-exec-1] INFO  org.springframework.web.servlet.DispatcherServlet - FrameworkServlet 'dispatcherServlet': initialization started
2018-06-10 23:17:45.229 [http-nio-9001-exec-1] INFO  org.springframework.web.servlet.DispatcherServlet - FrameworkServlet 'dispatcherServlet': initialization completed in 17 ms
2018-06-10 23:17:48.780 [http-nio-9001-exec-1] INFO  com.alibaba.druid.pool.DruidDataSource - {dataSource-1} inited
